[18:50:58] INFO dataset=flowers102 models=['resnet50'] seeds=[0, 1, 2, 3, 4] epochs=None recipe=sgd
[18:50:58] INFO ==== flowers102 / resnet50_sgd / seed0 (recipe=sgd) ====
[18:51:00] INFO [train] flowers102/resnet50_sgd/seed0 recipe=sgd opt=sgd lr=0.01 wd=0.0001 epochs=60 device=cuda n_train=1020 n_val=1020 bs=64 accum=1
[18:51:35] INFO   ep1: train_loss=4.6258 val_acc=0.0108 val_f1=0.0051 val_uar=0.0108 lr=4.00e-03
[18:51:40] INFO   ep2: train_loss=4.6163 val_acc=0.0206 val_f1=0.0153 val_uar=0.0206 lr=6.00e-03
[18:51:44] INFO   ep3: train_loss=4.5905 val_acc=0.0382 val_f1=0.0289 val_uar=0.0382 lr=8.00e-03
[18:51:49] INFO   ep4: train_loss=4.5560 val_acc=0.0853 val_f1=0.0632 val_uar=0.0853 lr=1.00e-02
[18:51:53] INFO   ep5: train_loss=4.5164 val_acc=0.1520 val_f1=0.1275 val_uar=0.1520 lr=1.00e-02
[18:51:57] INFO   ep6: train_loss=4.4650 val_acc=0.2275 val_f1=0.2162 val_uar=0.2275 lr=9.99e-03
[18:52:02] INFO   ep7: train_loss=4.4098 val_acc=0.2824 val_f1=0.2542 val_uar=0.2824 lr=9.97e-03
[18:52:07] INFO   ep8: train_loss=4.3552 val_acc=0.3667 val_f1=0.3430 val_uar=0.3667 lr=9.93e-03
[18:52:11] INFO   ep9: train_loss=4.2917 val_acc=0.3716 val_f1=0.3553 val_uar=0.3716 lr=9.87e-03
[18:52:16] INFO   ep10: train_loss=4.2297 val_acc=0.3961 val_f1=0.3903 val_uar=0.3961 lr=9.80e-03
[18:52:20] INFO   ep11: train_loss=4.1629 val_acc=0.4461 val_f1=0.4363 val_uar=0.4461 lr=9.71e-03
[18:52:25] INFO   ep12: train_loss=4.0893 val_acc=0.4951 val_f1=0.4967 val_uar=0.4951 lr=9.61e-03
[18:52:29] INFO   ep13: train_loss=4.0059 val_acc=0.5324 val_f1=0.5224 val_uar=0.5324 lr=9.49e-03
[18:52:34] INFO   ep14: train_loss=3.9290 val_acc=0.5245 val_f1=0.5057 val_uar=0.5245 lr=9.35e-03
[18:52:38] INFO   ep15: train_loss=3.8301 val_acc=0.5882 val_f1=0.5767 val_uar=0.5882 lr=9.21e-03
[18:52:43] INFO   ep16: train_loss=3.7431 val_acc=0.6392 val_f1=0.6198 val_uar=0.6392 lr=9.05e-03
[18:52:47] INFO   ep17: train_loss=3.6400 val_acc=0.6078 val_f1=0.5913 val_uar=0.6078 lr=8.87e-03
[18:52:52] INFO   ep18: train_loss=3.5293 val_acc=0.6461 val_f1=0.6303 val_uar=0.6461 lr=8.68e-03
[18:52:56] INFO   ep19: train_loss=3.4173 val_acc=0.6598 val_f1=0.6314 val_uar=0.6598 lr=8.48e-03
[18:53:01] INFO   ep20: train_loss=3.3022 val_acc=0.6549 val_f1=0.6324 val_uar=0.6549 lr=8.27e-03
[18:53:05] INFO   ep21: train_loss=3.1885 val_acc=0.6647 val_f1=0.6448 val_uar=0.6647 lr=8.05e-03
[18:53:10] INFO   ep22: train_loss=3.0460 val_acc=0.6696 val_f1=0.6428 val_uar=0.6696 lr=7.82e-03
[18:53:14] INFO   ep23: train_loss=2.9135 val_acc=0.6765 val_f1=0.6524 val_uar=0.6765 lr=7.58e-03
[18:53:19] INFO   ep24: train_loss=2.8115 val_acc=0.6922 val_f1=0.6682 val_uar=0.6922 lr=7.33e-03
[18:53:23] INFO   ep25: train_loss=2.6659 val_acc=0.6922 val_f1=0.6685 val_uar=0.6922 lr=7.08e-03
[18:53:28] INFO   ep26: train_loss=2.5633 val_acc=0.7137 val_f1=0.6926 val_uar=0.7137 lr=6.81e-03
[18:53:33] INFO   ep27: train_loss=2.4381 val_acc=0.7176 val_f1=0.7006 val_uar=0.7176 lr=6.55e-03
[18:53:37] INFO   ep28: train_loss=2.3340 val_acc=0.7137 val_f1=0.6973 val_uar=0.7137 lr=6.27e-03
[18:53:42] INFO   ep29: train_loss=2.2271 val_acc=0.7176 val_f1=0.7034 val_uar=0.7176 lr=5.99e-03
[18:53:46] INFO   ep30: train_loss=2.1277 val_acc=0.7412 val_f1=0.7228 val_uar=0.7412 lr=5.71e-03
[18:53:51] INFO   ep31: train_loss=2.0511 val_acc=0.7422 val_f1=0.7286 val_uar=0.7422 lr=5.43e-03
[18:53:56] INFO   ep32: train_loss=1.9748 val_acc=0.7451 val_f1=0.7301 val_uar=0.7451 lr=5.14e-03
[18:54:00] INFO   ep33: train_loss=1.9353 val_acc=0.7500 val_f1=0.7378 val_uar=0.7500 lr=4.86e-03
[18:54:05] INFO   ep34: train_loss=1.8683 val_acc=0.7608 val_f1=0.7504 val_uar=0.7608 lr=4.57e-03
[18:54:10] INFO   ep35: train_loss=1.7888 val_acc=0.7471 val_f1=0.7365 val_uar=0.7471 lr=4.29e-03
[18:54:14] INFO   ep36: train_loss=1.7486 val_acc=0.7539 val_f1=0.7425 val_uar=0.7539 lr=4.01e-03
[18:54:19] INFO   ep37: train_loss=1.7374 val_acc=0.7618 val_f1=0.7534 val_uar=0.7618 lr=3.73e-03
[18:54:23] INFO   ep38: train_loss=1.6675 val_acc=0.7647 val_f1=0.7585 val_uar=0.7647 lr=3.45e-03
[18:54:28] INFO   ep39: train_loss=1.6518 val_acc=0.7735 val_f1=0.7659 val_uar=0.7735 lr=3.19e-03
[18:54:33] INFO   ep40: train_loss=1.6341 val_acc=0.7824 val_f1=0.7753 val_uar=0.7824 lr=2.92e-03
[18:54:37] INFO   ep41: train_loss=1.5949 val_acc=0.7765 val_f1=0.7681 val_uar=0.7765 lr=2.67e-03
[18:54:42] INFO   ep42: train_loss=1.5841 val_acc=0.7745 val_f1=0.7709 val_uar=0.7745 lr=2.42e-03
[18:54:47] INFO   ep43: train_loss=1.5561 val_acc=0.7735 val_f1=0.7657 val_uar=0.7735 lr=2.18e-03
[18:54:51] INFO   ep44: train_loss=1.5445 val_acc=0.7755 val_f1=0.7690 val_uar=0.7755 lr=1.95e-03
[18:54:56] INFO   ep45: train_loss=1.5265 val_acc=0.7902 val_f1=0.7852 val_uar=0.7902 lr=1.73e-03
[18:55:00] INFO   ep46: train_loss=1.5292 val_acc=0.7873 val_f1=0.7825 val_uar=0.7873 lr=1.52e-03
[18:55:05] INFO   ep47: train_loss=1.4982 val_acc=0.7824 val_f1=0.7773 val_uar=0.7824 lr=1.32e-03
[18:55:09] INFO   ep48: train_loss=1.4889 val_acc=0.7873 val_f1=0.7810 val_uar=0.7873 lr=1.13e-03
[18:55:14] INFO   ep49: train_loss=1.4913 val_acc=0.7912 val_f1=0.7855 val_uar=0.7912 lr=9.55e-04
[18:55:19] INFO   ep50: train_loss=1.4640 val_acc=0.7922 val_f1=0.7878 val_uar=0.7922 lr=7.94e-04
[18:55:23] INFO   ep51: train_loss=1.4660 val_acc=0.7873 val_f1=0.7840 val_uar=0.7873 lr=6.46e-04
[18:55:28] INFO   ep52: train_loss=1.4654 val_acc=0.7912 val_f1=0.7883 val_uar=0.7912 lr=5.13e-04
[18:55:32] INFO   ep53: train_loss=1.4658 val_acc=0.7951 val_f1=0.7920 val_uar=0.7951 lr=3.94e-04
[18:55:36] INFO   ep54: train_loss=1.4428 val_acc=0.7951 val_f1=0.7925 val_uar=0.7951 lr=2.91e-04
[18:55:41] INFO   ep55: train_loss=1.4497 val_acc=0.7931 val_f1=0.7897 val_uar=0.7931 lr=2.03e-04
[18:55:45] INFO   ep56: train_loss=1.4346 val_acc=0.7961 val_f1=0.7928 val_uar=0.7961 lr=1.30e-04
[18:55:50] INFO   ep57: train_loss=1.4478 val_acc=0.7941 val_f1=0.7906 val_uar=0.7941 lr=7.32e-05
[18:55:54] INFO   ep58: train_loss=1.4549 val_acc=0.7922 val_f1=0.7898 val_uar=0.7922 lr=3.26e-05
[18:55:59] INFO   ep59: train_loss=1.4484 val_acc=0.7961 val_f1=0.7926 val_uar=0.7961 lr=8.15e-06
[18:56:03] INFO   ep60: train_loss=1.4513 val_acc=0.7931 val_f1=0.7899 val_uar=0.7931 lr=0.00e+00
[18:56:03] INFO [done] resnet50_sgd best_val_acc=0.7961 lr_used=0.01 ckpt=checkpoints\flowers102_resnet50_sgd_seed0.pt time=5.1min
[18:56:05] INFO   [E1] eval clean + per colorfulness bin
[18:56:34] INFO   [E2] eval perturbasi warna
[19:03:09] INFO   done resnet50_sgd seed0
[19:03:09] INFO ==== flowers102 / resnet50_sgd / seed1 (recipe=sgd) ====
[19:03:09] INFO [train] flowers102/resnet50_sgd/seed1 recipe=sgd opt=sgd lr=0.01 wd=0.0001 epochs=60 device=cuda n_train=1020 n_val=1020 bs=64 accum=1
[19:03:43] INFO   ep1: train_loss=4.6319 val_acc=0.0118 val_f1=0.0073 val_uar=0.0118 lr=4.00e-03
[19:03:48] INFO   ep2: train_loss=4.6188 val_acc=0.0196 val_f1=0.0159 val_uar=0.0196 lr=6.00e-03
[19:03:52] INFO   ep3: train_loss=4.5944 val_acc=0.0392 val_f1=0.0335 val_uar=0.0392 lr=8.00e-03
[19:03:57] INFO   ep4: train_loss=4.5593 val_acc=0.0971 val_f1=0.0750 val_uar=0.0971 lr=1.00e-02
[19:04:02] INFO   ep5: train_loss=4.5173 val_acc=0.1520 val_f1=0.1311 val_uar=0.1520 lr=1.00e-02
[19:04:06] INFO   ep6: train_loss=4.4625 val_acc=0.2098 val_f1=0.1909 val_uar=0.2098 lr=9.99e-03
[19:04:11] INFO   ep7: train_loss=4.4107 val_acc=0.2735 val_f1=0.2635 val_uar=0.2735 lr=9.97e-03
[19:04:16] INFO   ep8: train_loss=4.3547 val_acc=0.2833 val_f1=0.2758 val_uar=0.2833 lr=9.93e-03
[19:04:20] INFO   ep9: train_loss=4.2920 val_acc=0.3637 val_f1=0.3629 val_uar=0.3637 lr=9.87e-03
[19:04:25] INFO   ep10: train_loss=4.2263 val_acc=0.3755 val_f1=0.3731 val_uar=0.3755 lr=9.80e-03
[19:04:30] INFO   ep11: train_loss=4.1495 val_acc=0.4971 val_f1=0.4825 val_uar=0.4971 lr=9.71e-03
[19:04:35] INFO   ep12: train_loss=4.0830 val_acc=0.5225 val_f1=0.5031 val_uar=0.5225 lr=9.61e-03
[19:04:39] INFO   ep13: train_loss=3.9990 val_acc=0.5108 val_f1=0.4996 val_uar=0.5108 lr=9.49e-03
[19:04:44] INFO   ep14: train_loss=3.9088 val_acc=0.5333 val_f1=0.5110 val_uar=0.5333 lr=9.35e-03
[19:04:48] INFO   ep15: train_loss=3.8243 val_acc=0.5647 val_f1=0.5454 val_uar=0.5647 lr=9.21e-03
[19:04:53] INFO   ep16: train_loss=3.7241 val_acc=0.5647 val_f1=0.5417 val_uar=0.5647 lr=9.05e-03
[19:04:57] INFO   ep17: train_loss=3.6193 val_acc=0.5520 val_f1=0.5350 val_uar=0.5520 lr=8.87e-03
[19:05:02] INFO   ep18: train_loss=3.5114 val_acc=0.6333 val_f1=0.6197 val_uar=0.6333 lr=8.68e-03
[19:05:06] INFO   ep19: train_loss=3.3944 val_acc=0.6480 val_f1=0.6283 val_uar=0.6480 lr=8.48e-03
[19:05:11] INFO   ep20: train_loss=3.2743 val_acc=0.6725 val_f1=0.6548 val_uar=0.6725 lr=8.27e-03
[19:05:16] INFO   ep21: train_loss=3.1574 val_acc=0.6627 val_f1=0.6429 val_uar=0.6627 lr=8.05e-03
[19:05:20] INFO   ep22: train_loss=3.0305 val_acc=0.6647 val_f1=0.6457 val_uar=0.6647 lr=7.82e-03
[19:05:25] INFO   ep23: train_loss=2.9064 val_acc=0.6863 val_f1=0.6679 val_uar=0.6863 lr=7.58e-03
[19:05:29] INFO   ep24: train_loss=2.7674 val_acc=0.6843 val_f1=0.6660 val_uar=0.6843 lr=7.33e-03
[19:05:34] INFO   ep25: train_loss=2.6588 val_acc=0.6814 val_f1=0.6605 val_uar=0.6814 lr=7.08e-03
[19:05:38] INFO   ep26: train_loss=2.5477 val_acc=0.7098 val_f1=0.6900 val_uar=0.7098 lr=6.81e-03
[19:05:43] INFO   ep27: train_loss=2.4325 val_acc=0.7245 val_f1=0.7097 val_uar=0.7245 lr=6.55e-03
[19:05:47] INFO   ep28: train_loss=2.3153 val_acc=0.7147 val_f1=0.6993 val_uar=0.7147 lr=6.27e-03
[19:05:52] INFO   ep29: train_loss=2.2316 val_acc=0.7206 val_f1=0.7063 val_uar=0.7206 lr=5.99e-03
[19:05:56] INFO   ep30: train_loss=2.1515 val_acc=0.7333 val_f1=0.7182 val_uar=0.7333 lr=5.71e-03
[19:06:01] INFO   ep31: train_loss=2.0698 val_acc=0.7304 val_f1=0.7175 val_uar=0.7304 lr=5.43e-03
[19:06:05] INFO   ep32: train_loss=2.0054 val_acc=0.7451 val_f1=0.7355 val_uar=0.7451 lr=5.14e-03
[19:06:10] INFO   ep33: train_loss=1.9298 val_acc=0.7598 val_f1=0.7491 val_uar=0.7598 lr=4.86e-03
[19:06:14] INFO   ep34: train_loss=1.8790 val_acc=0.7618 val_f1=0.7515 val_uar=0.7618 lr=4.57e-03
[19:06:19] INFO   ep35: train_loss=1.8288 val_acc=0.7647 val_f1=0.7545 val_uar=0.7647 lr=4.29e-03
[19:06:24] INFO   ep36: train_loss=1.7789 val_acc=0.7784 val_f1=0.7683 val_uar=0.7784 lr=4.01e-03
[19:06:28] INFO   ep37: train_loss=1.7244 val_acc=0.7725 val_f1=0.7655 val_uar=0.7725 lr=3.73e-03
[19:06:33] INFO   ep38: train_loss=1.7065 val_acc=0.7794 val_f1=0.7693 val_uar=0.7794 lr=3.45e-03
[19:06:38] INFO   ep39: train_loss=1.6826 val_acc=0.7824 val_f1=0.7749 val_uar=0.7824 lr=3.19e-03
[19:06:42] INFO   ep40: train_loss=1.6546 val_acc=0.7784 val_f1=0.7722 val_uar=0.7784 lr=2.92e-03
[19:06:47] INFO   ep41: train_loss=1.5975 val_acc=0.7804 val_f1=0.7737 val_uar=0.7804 lr=2.67e-03
[19:06:51] INFO   ep42: train_loss=1.5998 val_acc=0.7902 val_f1=0.7849 val_uar=0.7902 lr=2.42e-03
[19:06:56] INFO   ep43: train_loss=1.5759 val_acc=0.7843 val_f1=0.7784 val_uar=0.7843 lr=2.18e-03
[19:07:00] INFO   ep44: train_loss=1.5711 val_acc=0.7902 val_f1=0.7812 val_uar=0.7902 lr=1.95e-03
[19:07:05] INFO   ep45: train_loss=1.5463 val_acc=0.7951 val_f1=0.7892 val_uar=0.7951 lr=1.73e-03
[19:07:09] INFO   ep46: train_loss=1.5271 val_acc=0.7853 val_f1=0.7797 val_uar=0.7853 lr=1.52e-03
[19:07:14] INFO   ep47: train_loss=1.5098 val_acc=0.7902 val_f1=0.7856 val_uar=0.7902 lr=1.32e-03
[19:07:18] INFO   ep48: train_loss=1.5008 val_acc=0.7922 val_f1=0.7875 val_uar=0.7922 lr=1.13e-03
[19:07:23] INFO   ep49: train_loss=1.5003 val_acc=0.7892 val_f1=0.7836 val_uar=0.7892 lr=9.55e-04
[19:07:28] INFO   ep50: train_loss=1.4890 val_acc=0.7902 val_f1=0.7831 val_uar=0.7902 lr=7.94e-04
[19:07:32] INFO   ep51: train_loss=1.4830 val_acc=0.7961 val_f1=0.7899 val_uar=0.7961 lr=6.46e-04
[19:07:37] INFO   ep52: train_loss=1.4703 val_acc=0.7971 val_f1=0.7907 val_uar=0.7971 lr=5.13e-04
[19:07:41] INFO   ep53: train_loss=1.4746 val_acc=0.7902 val_f1=0.7847 val_uar=0.7902 lr=3.94e-04
[19:07:46] INFO   ep54: train_loss=1.4772 val_acc=0.7902 val_f1=0.7839 val_uar=0.7902 lr=2.91e-04
[19:07:50] INFO   ep55: train_loss=1.4795 val_acc=0.7922 val_f1=0.7860 val_uar=0.7922 lr=2.03e-04
[19:07:55] INFO   ep56: train_loss=1.4767 val_acc=0.7961 val_f1=0.7904 val_uar=0.7961 lr=1.30e-04
[19:07:59] INFO   ep57: train_loss=1.4784 val_acc=0.7961 val_f1=0.7908 val_uar=0.7961 lr=7.32e-05
[19:08:04] INFO   ep58: train_loss=1.4653 val_acc=0.7990 val_f1=0.7946 val_uar=0.7990 lr=3.26e-05
[19:08:08] INFO   ep59: train_loss=1.4863 val_acc=0.7941 val_f1=0.7881 val_uar=0.7941 lr=8.15e-06
[19:08:13] INFO   ep60: train_loss=1.4705 val_acc=0.7961 val_f1=0.7917 val_uar=0.7961 lr=0.00e+00
[19:08:13] INFO [done] resnet50_sgd best_val_acc=0.7990 lr_used=0.01 ckpt=checkpoints\flowers102_resnet50_sgd_seed1.pt time=5.1min
[19:08:14] INFO   [E1] eval clean + per colorfulness bin
[19:08:37] INFO   [E2] eval perturbasi warna
[19:15:18] INFO   done resnet50_sgd seed1
[19:15:18] INFO ==== flowers102 / resnet50_sgd / seed2 (recipe=sgd) ====
[19:15:19] INFO [train] flowers102/resnet50_sgd/seed2 recipe=sgd opt=sgd lr=0.01 wd=0.0001 epochs=60 device=cuda n_train=1020 n_val=1020 bs=64 accum=1
[19:15:55] INFO   ep1: train_loss=4.6294 val_acc=0.0059 val_f1=0.0036 val_uar=0.0059 lr=4.00e-03
[19:16:00] INFO   ep2: train_loss=4.6173 val_acc=0.0245 val_f1=0.0158 val_uar=0.0245 lr=6.00e-03
[19:16:05] INFO   ep3: train_loss=4.5919 val_acc=0.0353 val_f1=0.0206 val_uar=0.0353 lr=8.00e-03
[19:16:09] INFO   ep4: train_loss=4.5567 val_acc=0.0755 val_f1=0.0470 val_uar=0.0755 lr=1.00e-02
[19:16:14] INFO   ep5: train_loss=4.5084 val_acc=0.1510 val_f1=0.1236 val_uar=0.1510 lr=1.00e-02
[19:16:18] INFO   ep6: train_loss=4.4554 val_acc=0.2147 val_f1=0.1914 val_uar=0.2147 lr=9.99e-03
[19:16:23] INFO   ep7: train_loss=4.3986 val_acc=0.2775 val_f1=0.2515 val_uar=0.2775 lr=9.97e-03
[19:16:28] INFO   ep8: train_loss=4.3385 val_acc=0.3382 val_f1=0.3068 val_uar=0.3382 lr=9.93e-03
[19:16:32] INFO   ep9: train_loss=4.2717 val_acc=0.3765 val_f1=0.3679 val_uar=0.3765 lr=9.87e-03
[19:16:37] INFO   ep10: train_loss=4.2081 val_acc=0.4373 val_f1=0.4209 val_uar=0.4373 lr=9.80e-03
[19:16:41] INFO   ep11: train_loss=4.1225 val_acc=0.4608 val_f1=0.4335 val_uar=0.4608 lr=9.71e-03
[19:16:46] INFO   ep12: train_loss=4.0498 val_acc=0.4951 val_f1=0.4689 val_uar=0.4951 lr=9.61e-03
[19:16:50] INFO   ep13: train_loss=3.9576 val_acc=0.5020 val_f1=0.4714 val_uar=0.5020 lr=9.49e-03
[19:16:55] INFO   ep14: train_loss=3.8732 val_acc=0.5304 val_f1=0.5003 val_uar=0.5304 lr=9.35e-03
[19:17:00] INFO   ep15: train_loss=3.7662 val_acc=0.5353 val_f1=0.5141 val_uar=0.5353 lr=9.21e-03
[19:17:04] INFO   ep16: train_loss=3.6696 val_acc=0.5775 val_f1=0.5555 val_uar=0.5775 lr=9.05e-03
[19:17:09] INFO   ep17: train_loss=3.5527 val_acc=0.5931 val_f1=0.5671 val_uar=0.5931 lr=8.87e-03
[19:17:13] INFO   ep18: train_loss=3.4417 val_acc=0.6000 val_f1=0.5753 val_uar=0.6000 lr=8.68e-03
[19:17:18] INFO   ep19: train_loss=3.3314 val_acc=0.6186 val_f1=0.6005 val_uar=0.6186 lr=8.48e-03
[19:17:23] INFO   ep20: train_loss=3.2207 val_acc=0.6373 val_f1=0.6211 val_uar=0.6373 lr=8.27e-03
[19:17:28] INFO   ep21: train_loss=3.0805 val_acc=0.6422 val_f1=0.6180 val_uar=0.6422 lr=8.05e-03
[19:17:32] INFO   ep22: train_loss=2.9783 val_acc=0.6402 val_f1=0.6193 val_uar=0.6402 lr=7.82e-03
[19:17:37] INFO   ep23: train_loss=2.8378 val_acc=0.6696 val_f1=0.6488 val_uar=0.6696 lr=7.58e-03
[19:17:41] INFO   ep24: train_loss=2.7334 val_acc=0.6245 val_f1=0.5941 val_uar=0.6245 lr=7.33e-03
[19:17:46] INFO   ep25: train_loss=2.6150 val_acc=0.6941 val_f1=0.6708 val_uar=0.6941 lr=7.08e-03
[19:17:51] INFO   ep26: train_loss=2.4802 val_acc=0.6941 val_f1=0.6753 val_uar=0.6941 lr=6.81e-03
[19:17:55] INFO   ep27: train_loss=2.3807 val_acc=0.7127 val_f1=0.6960 val_uar=0.7127 lr=6.55e-03
[19:18:00] INFO   ep28: train_loss=2.2983 val_acc=0.7284 val_f1=0.7129 val_uar=0.7284 lr=6.27e-03
[19:18:04] INFO   ep29: train_loss=2.1812 val_acc=0.7137 val_f1=0.6895 val_uar=0.7137 lr=5.99e-03
[19:18:09] INFO   ep30: train_loss=2.1169 val_acc=0.7333 val_f1=0.7141 val_uar=0.7333 lr=5.71e-03
[19:18:14] INFO   ep31: train_loss=2.0420 val_acc=0.7559 val_f1=0.7431 val_uar=0.7559 lr=5.43e-03
[19:18:18] INFO   ep32: train_loss=1.9766 val_acc=0.7412 val_f1=0.7278 val_uar=0.7412 lr=5.14e-03
[19:18:23] INFO   ep33: train_loss=1.8899 val_acc=0.7578 val_f1=0.7447 val_uar=0.7578 lr=4.86e-03
[19:18:28] INFO   ep34: train_loss=1.8488 val_acc=0.7520 val_f1=0.7377 val_uar=0.7520 lr=4.57e-03
[19:18:32] INFO   ep35: train_loss=1.8230 val_acc=0.7608 val_f1=0.7480 val_uar=0.7608 lr=4.29e-03
[19:18:37] INFO   ep36: train_loss=1.7495 val_acc=0.7598 val_f1=0.7485 val_uar=0.7598 lr=4.01e-03
[19:18:42] INFO   ep37: train_loss=1.7098 val_acc=0.7696 val_f1=0.7585 val_uar=0.7696 lr=3.73e-03
[19:18:46] INFO   ep38: train_loss=1.6680 val_acc=0.7794 val_f1=0.7703 val_uar=0.7794 lr=3.45e-03
[19:18:51] INFO   ep39: train_loss=1.6322 val_acc=0.7745 val_f1=0.7638 val_uar=0.7745 lr=3.19e-03
[19:18:55] INFO   ep40: train_loss=1.6344 val_acc=0.7696 val_f1=0.7597 val_uar=0.7696 lr=2.92e-03
[19:19:00] INFO   ep41: train_loss=1.6019 val_acc=0.7686 val_f1=0.7583 val_uar=0.7686 lr=2.67e-03
[19:19:05] INFO   ep42: train_loss=1.6071 val_acc=0.7686 val_f1=0.7593 val_uar=0.7686 lr=2.42e-03
[19:19:09] INFO   ep43: train_loss=1.5593 val_acc=0.7794 val_f1=0.7712 val_uar=0.7794 lr=2.18e-03
[19:19:14] INFO   ep44: train_loss=1.5528 val_acc=0.7775 val_f1=0.7678 val_uar=0.7775 lr=1.95e-03
[19:19:18] INFO   ep45: train_loss=1.5304 val_acc=0.7833 val_f1=0.7765 val_uar=0.7833 lr=1.73e-03
[19:19:23] INFO   ep46: train_loss=1.5096 val_acc=0.7873 val_f1=0.7801 val_uar=0.7873 lr=1.52e-03
[19:19:28] INFO   ep47: train_loss=1.5032 val_acc=0.7804 val_f1=0.7709 val_uar=0.7804 lr=1.32e-03
[19:19:32] INFO   ep48: train_loss=1.5007 val_acc=0.7922 val_f1=0.7847 val_uar=0.7922 lr=1.13e-03
[19:19:37] INFO   ep49: train_loss=1.5013 val_acc=0.7922 val_f1=0.7831 val_uar=0.7922 lr=9.55e-04
[19:19:41] INFO   ep50: train_loss=1.4706 val_acc=0.7951 val_f1=0.7877 val_uar=0.7951 lr=7.94e-04
[19:19:46] INFO   ep51: train_loss=1.4743 val_acc=0.7775 val_f1=0.7689 val_uar=0.7775 lr=6.46e-04
[19:19:51] INFO   ep52: train_loss=1.4752 val_acc=0.7863 val_f1=0.7789 val_uar=0.7863 lr=5.13e-04
[19:19:55] INFO   ep53: train_loss=1.4883 val_acc=0.7784 val_f1=0.7702 val_uar=0.7784 lr=3.94e-04
[19:20:00] INFO   ep54: train_loss=1.4563 val_acc=0.7853 val_f1=0.7765 val_uar=0.7853 lr=2.91e-04
[19:20:05] INFO   ep55: train_loss=1.4712 val_acc=0.7814 val_f1=0.7732 val_uar=0.7814 lr=2.03e-04
[19:20:09] INFO   ep56: train_loss=1.4614 val_acc=0.7892 val_f1=0.7806 val_uar=0.7892 lr=1.30e-04
[19:20:14] INFO   ep57: train_loss=1.4592 val_acc=0.7882 val_f1=0.7793 val_uar=0.7882 lr=7.32e-05
[19:20:18] INFO   ep58: train_loss=1.4558 val_acc=0.7863 val_f1=0.7781 val_uar=0.7863 lr=3.26e-05
[19:20:23] INFO   ep59: train_loss=1.4872 val_acc=0.7882 val_f1=0.7785 val_uar=0.7882 lr=8.15e-06
[19:20:28] INFO   ep60: train_loss=1.4643 val_acc=0.7863 val_f1=0.7767 val_uar=0.7863 lr=0.00e+00
[19:20:28] INFO [done] resnet50_sgd best_val_acc=0.7951 lr_used=0.01 ckpt=checkpoints\flowers102_resnet50_sgd_seed2.pt time=5.2min
[19:20:29] INFO   [E1] eval clean + per colorfulness bin
[19:20:56] INFO   [E2] eval perturbasi warna
[19:27:42] INFO   done resnet50_sgd seed2
[19:27:42] INFO ==== flowers102 / resnet50_sgd / seed3 (recipe=sgd) ====
[19:27:42] INFO [train] flowers102/resnet50_sgd/seed3 recipe=sgd opt=sgd lr=0.01 wd=0.0001 epochs=60 device=cuda n_train=1020 n_val=1020 bs=64 accum=1
[19:28:16] INFO   ep1: train_loss=4.6241 val_acc=0.0078 val_f1=0.0007 val_uar=0.0078 lr=4.00e-03
[19:28:21] INFO   ep2: train_loss=4.6151 val_acc=0.0186 val_f1=0.0090 val_uar=0.0186 lr=6.00e-03
[19:28:26] INFO   ep3: train_loss=4.5922 val_acc=0.0461 val_f1=0.0290 val_uar=0.0461 lr=8.00e-03
[19:28:30] INFO   ep4: train_loss=4.5575 val_acc=0.0922 val_f1=0.0646 val_uar=0.0922 lr=1.00e-02
[19:28:35] INFO   ep5: train_loss=4.5151 val_acc=0.1608 val_f1=0.1311 val_uar=0.1608 lr=1.00e-02
[19:28:39] INFO   ep6: train_loss=4.4653 val_acc=0.1941 val_f1=0.1591 val_uar=0.1941 lr=9.99e-03
[19:28:44] INFO   ep7: train_loss=4.4075 val_acc=0.2539 val_f1=0.2290 val_uar=0.2539 lr=9.97e-03
[19:28:49] INFO   ep8: train_loss=4.3539 val_acc=0.3343 val_f1=0.3016 val_uar=0.3343 lr=9.93e-03
[19:28:53] INFO   ep9: train_loss=4.2903 val_acc=0.3647 val_f1=0.3404 val_uar=0.3647 lr=9.87e-03
[19:28:58] INFO   ep10: train_loss=4.2282 val_acc=0.4314 val_f1=0.4029 val_uar=0.4314 lr=9.80e-03
[19:29:02] INFO   ep11: train_loss=4.1599 val_acc=0.4373 val_f1=0.4140 val_uar=0.4373 lr=9.71e-03
[19:29:07] INFO   ep12: train_loss=4.0863 val_acc=0.5225 val_f1=0.4995 val_uar=0.5225 lr=9.61e-03
[19:29:12] INFO   ep13: train_loss=4.0077 val_acc=0.5196 val_f1=0.4985 val_uar=0.5196 lr=9.49e-03
[19:29:16] INFO   ep14: train_loss=3.9218 val_acc=0.5500 val_f1=0.5237 val_uar=0.5500 lr=9.35e-03
[19:29:21] INFO   ep15: train_loss=3.8340 val_acc=0.5843 val_f1=0.5624 val_uar=0.5843 lr=9.21e-03
[19:29:26] INFO   ep16: train_loss=3.7331 val_acc=0.5510 val_f1=0.5212 val_uar=0.5510 lr=9.05e-03
[19:29:30] INFO   ep17: train_loss=3.6315 val_acc=0.5863 val_f1=0.5642 val_uar=0.5863 lr=8.87e-03
[19:29:35] INFO   ep18: train_loss=3.5261 val_acc=0.6069 val_f1=0.5796 val_uar=0.6069 lr=8.68e-03
[19:29:40] INFO   ep19: train_loss=3.4038 val_acc=0.6206 val_f1=0.5917 val_uar=0.6206 lr=8.48e-03
[19:29:44] INFO   ep20: train_loss=3.2892 val_acc=0.6510 val_f1=0.6303 val_uar=0.6510 lr=8.27e-03
[19:29:49] INFO   ep21: train_loss=3.1749 val_acc=0.6480 val_f1=0.6242 val_uar=0.6480 lr=8.05e-03
[19:29:52] INFO   ep22: train_loss=3.0402 val_acc=0.6608 val_f1=0.6364 val_uar=0.6608 lr=7.82e-03
[19:29:55] INFO   ep23: train_loss=2.9164 val_acc=0.6049 val_f1=0.5795 val_uar=0.6049 lr=7.58e-03
[19:29:58] INFO   ep24: train_loss=2.7889 val_acc=0.6755 val_f1=0.6531 val_uar=0.6755 lr=7.33e-03
[19:30:01] INFO   ep25: train_loss=2.6793 val_acc=0.6853 val_f1=0.6607 val_uar=0.6853 lr=7.08e-03
[19:30:05] INFO   ep26: train_loss=2.5614 val_acc=0.7010 val_f1=0.6774 val_uar=0.7010 lr=6.81e-03
[19:30:08] INFO   ep27: train_loss=2.4321 val_acc=0.7049 val_f1=0.6823 val_uar=0.7049 lr=6.55e-03
[19:30:11] INFO   ep28: train_loss=2.3262 val_acc=0.7108 val_f1=0.6934 val_uar=0.7108 lr=6.27e-03
[20:49:42] INFO dataset=flowers102 models=['resnet50'] seeds=[3, 4] epochs=None recipe=sgd
[20:49:42] INFO ==== flowers102 / resnet50_sgd / seed3 (recipe=sgd) ====
[20:49:43] INFO [train] flowers102/resnet50_sgd/seed3 recipe=sgd opt=sgd lr=0.01 wd=0.0001 epochs=60 device=cuda n_train=1020 n_val=1020 bs=64 accum=1
[20:50:14] INFO   ep1: train_loss=4.6241 val_acc=0.0078 val_f1=0.0007 val_uar=0.0078 lr=4.00e-03
[20:50:16] INFO   ep2: train_loss=4.6151 val_acc=0.0186 val_f1=0.0090 val_uar=0.0186 lr=6.00e-03
[20:50:19] INFO   ep3: train_loss=4.5922 val_acc=0.0461 val_f1=0.0290 val_uar=0.0461 lr=8.00e-03
[20:50:22] INFO   ep4: train_loss=4.5575 val_acc=0.0922 val_f1=0.0646 val_uar=0.0922 lr=1.00e-02
[20:50:24] INFO   ep5: train_loss=4.5151 val_acc=0.1608 val_f1=0.1311 val_uar=0.1608 lr=1.00e-02
[20:50:27] INFO   ep6: train_loss=4.4653 val_acc=0.1941 val_f1=0.1591 val_uar=0.1941 lr=9.99e-03
[20:50:29] INFO   ep7: train_loss=4.4075 val_acc=0.2539 val_f1=0.2290 val_uar=0.2539 lr=9.97e-03
[20:50:32] INFO   ep8: train_loss=4.3539 val_acc=0.3343 val_f1=0.3016 val_uar=0.3343 lr=9.93e-03
[20:50:35] INFO   ep9: train_loss=4.2903 val_acc=0.3647 val_f1=0.3404 val_uar=0.3647 lr=9.87e-03
[20:50:37] INFO   ep10: train_loss=4.2282 val_acc=0.4314 val_f1=0.4029 val_uar=0.4314 lr=9.80e-03
[20:50:40] INFO   ep11: train_loss=4.1599 val_acc=0.4373 val_f1=0.4140 val_uar=0.4373 lr=9.71e-03
[20:50:42] INFO   ep12: train_loss=4.0863 val_acc=0.5225 val_f1=0.4995 val_uar=0.5225 lr=9.61e-03
[20:50:45] INFO   ep13: train_loss=4.0077 val_acc=0.5196 val_f1=0.4985 val_uar=0.5196 lr=9.49e-03
[20:50:47] INFO   ep14: train_loss=3.9218 val_acc=0.5500 val_f1=0.5237 val_uar=0.5500 lr=9.35e-03
[20:50:50] INFO   ep15: train_loss=3.8340 val_acc=0.5843 val_f1=0.5624 val_uar=0.5843 lr=9.21e-03
[20:50:53] INFO   ep16: train_loss=3.7331 val_acc=0.5510 val_f1=0.5212 val_uar=0.5510 lr=9.05e-03
[20:50:55] INFO   ep17: train_loss=3.6315 val_acc=0.5863 val_f1=0.5642 val_uar=0.5863 lr=8.87e-03
[20:50:58] INFO   ep18: train_loss=3.5261 val_acc=0.6069 val_f1=0.5796 val_uar=0.6069 lr=8.68e-03
[20:51:00] INFO   ep19: train_loss=3.4038 val_acc=0.6206 val_f1=0.5917 val_uar=0.6206 lr=8.48e-03
[20:51:03] INFO   ep20: train_loss=3.2892 val_acc=0.6510 val_f1=0.6303 val_uar=0.6510 lr=8.27e-03
[20:51:06] INFO   ep21: train_loss=3.1749 val_acc=0.6480 val_f1=0.6242 val_uar=0.6480 lr=8.05e-03
[20:51:08] INFO   ep22: train_loss=3.0402 val_acc=0.6608 val_f1=0.6364 val_uar=0.6608 lr=7.82e-03
[20:51:11] INFO   ep23: train_loss=2.9164 val_acc=0.6049 val_f1=0.5795 val_uar=0.6049 lr=7.58e-03
[20:51:13] INFO   ep24: train_loss=2.7889 val_acc=0.6755 val_f1=0.6531 val_uar=0.6755 lr=7.33e-03
[20:51:16] INFO   ep25: train_loss=2.6793 val_acc=0.6853 val_f1=0.6607 val_uar=0.6853 lr=7.08e-03
[20:51:19] INFO   ep26: train_loss=2.5614 val_acc=0.7010 val_f1=0.6774 val_uar=0.7010 lr=6.81e-03
[20:51:21] INFO   ep27: train_loss=2.4321 val_acc=0.7049 val_f1=0.6823 val_uar=0.7049 lr=6.55e-03
[20:51:24] INFO   ep28: train_loss=2.3262 val_acc=0.7108 val_f1=0.6934 val_uar=0.7108 lr=6.27e-03
[20:51:26] INFO   ep29: train_loss=2.2296 val_acc=0.7265 val_f1=0.7067 val_uar=0.7265 lr=5.99e-03
[20:51:29] INFO   ep30: train_loss=2.1552 val_acc=0.7304 val_f1=0.7149 val_uar=0.7304 lr=5.71e-03
[20:51:32] INFO   ep31: train_loss=2.0522 val_acc=0.7284 val_f1=0.7144 val_uar=0.7284 lr=5.43e-03
[20:51:34] INFO   ep32: train_loss=1.9913 val_acc=0.7520 val_f1=0.7372 val_uar=0.7520 lr=5.14e-03
[20:51:37] INFO   ep33: train_loss=1.9294 val_acc=0.7392 val_f1=0.7241 val_uar=0.7392 lr=4.86e-03
[20:51:39] INFO   ep34: train_loss=1.8589 val_acc=0.7373 val_f1=0.7224 val_uar=0.7373 lr=4.57e-03
[20:51:42] INFO   ep35: train_loss=1.8145 val_acc=0.7480 val_f1=0.7372 val_uar=0.7480 lr=4.29e-03
[20:51:44] INFO   ep36: train_loss=1.7680 val_acc=0.7588 val_f1=0.7483 val_uar=0.7588 lr=4.01e-03
[20:51:47] INFO   ep37: train_loss=1.7382 val_acc=0.7559 val_f1=0.7438 val_uar=0.7559 lr=3.73e-03
[20:51:49] INFO   ep38: train_loss=1.6974 val_acc=0.7627 val_f1=0.7523 val_uar=0.7627 lr=3.45e-03
[20:51:52] INFO   ep39: train_loss=1.6616 val_acc=0.7686 val_f1=0.7579 val_uar=0.7686 lr=3.19e-03
[20:51:55] INFO   ep40: train_loss=1.6252 val_acc=0.7843 val_f1=0.7771 val_uar=0.7843 lr=2.92e-03
[20:51:57] INFO   ep41: train_loss=1.6151 val_acc=0.7755 val_f1=0.7685 val_uar=0.7755 lr=2.67e-03
[20:52:00] INFO   ep42: train_loss=1.5916 val_acc=0.7745 val_f1=0.7675 val_uar=0.7745 lr=2.42e-03
[20:52:02] INFO   ep43: train_loss=1.5630 val_acc=0.7706 val_f1=0.7638 val_uar=0.7706 lr=2.18e-03
[20:52:05] INFO   ep44: train_loss=1.5239 val_acc=0.7814 val_f1=0.7751 val_uar=0.7814 lr=1.95e-03
[20:52:08] INFO   ep45: train_loss=1.5365 val_acc=0.7775 val_f1=0.7698 val_uar=0.7775 lr=1.73e-03
[20:52:10] INFO   ep46: train_loss=1.5223 val_acc=0.7794 val_f1=0.7722 val_uar=0.7794 lr=1.52e-03
[20:52:13] INFO   ep47: train_loss=1.5079 val_acc=0.7882 val_f1=0.7814 val_uar=0.7882 lr=1.32e-03
[20:52:15] INFO   ep48: train_loss=1.5132 val_acc=0.7814 val_f1=0.7761 val_uar=0.7814 lr=1.13e-03
[20:52:18] INFO   ep49: train_loss=1.5011 val_acc=0.7863 val_f1=0.7794 val_uar=0.7863 lr=9.55e-04
[20:52:20] INFO   ep50: train_loss=1.4918 val_acc=0.7853 val_f1=0.7800 val_uar=0.7853 lr=7.94e-04
[20:52:23] INFO   ep51: train_loss=1.4766 val_acc=0.7804 val_f1=0.7744 val_uar=0.7804 lr=6.46e-04
[20:52:25] INFO   ep52: train_loss=1.4716 val_acc=0.7843 val_f1=0.7793 val_uar=0.7843 lr=5.13e-04
[20:52:28] INFO   ep53: train_loss=1.4595 val_acc=0.7863 val_f1=0.7813 val_uar=0.7863 lr=3.94e-04
[20:52:30] INFO   ep54: train_loss=1.4793 val_acc=0.7863 val_f1=0.7806 val_uar=0.7863 lr=2.91e-04
[20:52:33] INFO   ep55: train_loss=1.4602 val_acc=0.7804 val_f1=0.7750 val_uar=0.7804 lr=2.03e-04
[20:52:35] INFO   ep56: train_loss=1.4645 val_acc=0.7853 val_f1=0.7797 val_uar=0.7853 lr=1.30e-04
[20:52:38] INFO   ep57: train_loss=1.4600 val_acc=0.7882 val_f1=0.7824 val_uar=0.7882 lr=7.32e-05
[20:52:41] INFO   ep58: train_loss=1.4560 val_acc=0.7853 val_f1=0.7794 val_uar=0.7853 lr=3.26e-05
[20:52:43] INFO   ep59: train_loss=1.4636 val_acc=0.7873 val_f1=0.7817 val_uar=0.7873 lr=8.15e-06
[20:52:46] INFO   ep60: train_loss=1.4647 val_acc=0.7863 val_f1=0.7798 val_uar=0.7863 lr=0.00e+00
[20:52:46] INFO [done] resnet50_sgd best_val_acc=0.7882 lr_used=0.01 ckpt=checkpoints\flowers102_resnet50_sgd_seed3.pt time=3.1min
[20:52:47] INFO   [E1] eval clean + per colorfulness bin
[20:53:08] INFO   [E2] eval perturbasi warna
[20:58:40] INFO   done resnet50_sgd seed3
[20:58:40] INFO ==== flowers102 / resnet50_sgd / seed4 (recipe=sgd) ====
[20:58:40] INFO [train] flowers102/resnet50_sgd/seed4 recipe=sgd opt=sgd lr=0.01 wd=0.0001 epochs=60 device=cuda n_train=1020 n_val=1020 bs=64 accum=1
[20:59:09] INFO   ep1: train_loss=4.6279 val_acc=0.0118 val_f1=0.0056 val_uar=0.0118 lr=4.00e-03
[20:59:11] INFO   ep2: train_loss=4.6179 val_acc=0.0206 val_f1=0.0155 val_uar=0.0206 lr=6.00e-03
[20:59:14] INFO   ep3: train_loss=4.5947 val_acc=0.0343 val_f1=0.0269 val_uar=0.0343 lr=8.00e-03
[20:59:16] INFO   ep4: train_loss=4.5597 val_acc=0.0667 val_f1=0.0576 val_uar=0.0667 lr=1.00e-02
[20:59:19] INFO   ep5: train_loss=4.5181 val_acc=0.1500 val_f1=0.1168 val_uar=0.1500 lr=1.00e-02
[20:59:21] INFO   ep6: train_loss=4.4688 val_acc=0.1755 val_f1=0.1416 val_uar=0.1755 lr=9.99e-03
[20:59:24] INFO   ep7: train_loss=4.4155 val_acc=0.1990 val_f1=0.1743 val_uar=0.1990 lr=9.97e-03
[20:59:26] INFO   ep8: train_loss=4.3562 val_acc=0.2275 val_f1=0.2102 val_uar=0.2275 lr=9.93e-03
[20:59:29] INFO   ep9: train_loss=4.3026 val_acc=0.3353 val_f1=0.3050 val_uar=0.3353 lr=9.87e-03
[20:59:32] INFO   ep10: train_loss=4.2369 val_acc=0.3814 val_f1=0.3692 val_uar=0.3814 lr=9.80e-03
[20:59:34] INFO   ep11: train_loss=4.1684 val_acc=0.4127 val_f1=0.3949 val_uar=0.4127 lr=9.71e-03
[20:59:37] INFO   ep12: train_loss=4.0968 val_acc=0.4569 val_f1=0.4326 val_uar=0.4569 lr=9.61e-03
[20:59:39] INFO   ep13: train_loss=4.0234 val_acc=0.4627 val_f1=0.4446 val_uar=0.4627 lr=9.49e-03
[20:59:42] INFO   ep14: train_loss=3.9394 val_acc=0.4588 val_f1=0.4344 val_uar=0.4588 lr=9.35e-03
[20:59:44] INFO   ep15: train_loss=3.8555 val_acc=0.5157 val_f1=0.4923 val_uar=0.5157 lr=9.21e-03
[20:59:47] INFO   ep16: train_loss=3.7541 val_acc=0.4922 val_f1=0.4637 val_uar=0.4922 lr=9.05e-03
[20:59:49] INFO   ep17: train_loss=3.6720 val_acc=0.5618 val_f1=0.5363 val_uar=0.5618 lr=8.87e-03
[20:59:52] INFO   ep18: train_loss=3.5521 val_acc=0.5892 val_f1=0.5725 val_uar=0.5892 lr=8.68e-03
[20:59:54] INFO   ep19: train_loss=3.4446 val_acc=0.6118 val_f1=0.5851 val_uar=0.6118 lr=8.48e-03
[20:59:57] INFO   ep20: train_loss=3.3202 val_acc=0.6363 val_f1=0.6159 val_uar=0.6363 lr=8.27e-03
[20:59:59] INFO   ep21: train_loss=3.2077 val_acc=0.6020 val_f1=0.5794 val_uar=0.6020 lr=8.05e-03
[21:00:02] INFO   ep22: train_loss=3.0965 val_acc=0.6725 val_f1=0.6547 val_uar=0.6725 lr=7.82e-03
[21:00:04] INFO   ep23: train_loss=2.9554 val_acc=0.6853 val_f1=0.6660 val_uar=0.6853 lr=7.58e-03
[21:00:07] INFO   ep24: train_loss=2.8420 val_acc=0.6618 val_f1=0.6336 val_uar=0.6618 lr=7.33e-03
[21:00:09] INFO   ep25: train_loss=2.7318 val_acc=0.6873 val_f1=0.6656 val_uar=0.6873 lr=7.08e-03
[21:00:12] INFO   ep26: train_loss=2.6159 val_acc=0.6941 val_f1=0.6760 val_uar=0.6941 lr=6.81e-03
[21:00:14] INFO   ep27: train_loss=2.4838 val_acc=0.7059 val_f1=0.6862 val_uar=0.7059 lr=6.55e-03
[21:00:17] INFO   ep28: train_loss=2.4032 val_acc=0.7206 val_f1=0.7013 val_uar=0.7206 lr=6.27e-03
[21:00:19] INFO   ep29: train_loss=2.2777 val_acc=0.7235 val_f1=0.7070 val_uar=0.7235 lr=5.99e-03
[21:00:22] INFO   ep30: train_loss=2.2078 val_acc=0.7216 val_f1=0.7013 val_uar=0.7216 lr=5.71e-03
[21:00:25] INFO   ep31: train_loss=2.1429 val_acc=0.7324 val_f1=0.7129 val_uar=0.7324 lr=5.43e-03
[21:00:29] INFO   ep32: train_loss=2.0435 val_acc=0.7382 val_f1=0.7247 val_uar=0.7382 lr=5.14e-03
[21:00:31] INFO   ep33: train_loss=2.0027 val_acc=0.7392 val_f1=0.7244 val_uar=0.7392 lr=4.86e-03
[21:00:34] INFO   ep34: train_loss=1.8961 val_acc=0.7549 val_f1=0.7404 val_uar=0.7549 lr=4.57e-03
[21:00:37] INFO   ep35: train_loss=1.8399 val_acc=0.7412 val_f1=0.7260 val_uar=0.7412 lr=4.29e-03
[21:00:39] INFO   ep36: train_loss=1.8007 val_acc=0.7647 val_f1=0.7493 val_uar=0.7647 lr=4.01e-03
[21:00:42] INFO   ep37: train_loss=1.7797 val_acc=0.7627 val_f1=0.7486 val_uar=0.7627 lr=3.73e-03
[21:00:44] INFO   ep38: train_loss=1.7272 val_acc=0.7480 val_f1=0.7325 val_uar=0.7480 lr=3.45e-03
[21:00:47] INFO   ep39: train_loss=1.6804 val_acc=0.7696 val_f1=0.7577 val_uar=0.7696 lr=3.19e-03
[21:00:49] INFO   ep40: train_loss=1.6439 val_acc=0.7686 val_f1=0.7548 val_uar=0.7686 lr=2.92e-03
[21:00:52] INFO   ep41: train_loss=1.6372 val_acc=0.7667 val_f1=0.7530 val_uar=0.7667 lr=2.67e-03
[21:00:54] INFO   ep42: train_loss=1.6061 val_acc=0.7745 val_f1=0.7615 val_uar=0.7745 lr=2.42e-03
[21:00:57] INFO   ep43: train_loss=1.5853 val_acc=0.7824 val_f1=0.7712 val_uar=0.7824 lr=2.18e-03
[21:01:00] INFO   ep44: train_loss=1.5610 val_acc=0.7765 val_f1=0.7661 val_uar=0.7765 lr=1.95e-03
[21:01:02] INFO   ep45: train_loss=1.5398 val_acc=0.7794 val_f1=0.7684 val_uar=0.7794 lr=1.73e-03
[21:01:04] INFO   ep46: train_loss=1.5528 val_acc=0.7784 val_f1=0.7664 val_uar=0.7784 lr=1.52e-03
[21:01:07] INFO   ep47: train_loss=1.5378 val_acc=0.7804 val_f1=0.7708 val_uar=0.7804 lr=1.32e-03
[21:01:09] INFO   ep48: train_loss=1.5124 val_acc=0.7765 val_f1=0.7662 val_uar=0.7765 lr=1.13e-03
[21:01:12] INFO   ep49: train_loss=1.5085 val_acc=0.7804 val_f1=0.7699 val_uar=0.7804 lr=9.55e-04
[21:01:14] INFO   ep50: train_loss=1.5184 val_acc=0.7735 val_f1=0.7630 val_uar=0.7735 lr=7.94e-04
[21:01:17] INFO   ep51: train_loss=1.4851 val_acc=0.7765 val_f1=0.7651 val_uar=0.7765 lr=6.46e-04
[21:01:19] INFO   ep52: train_loss=1.4763 val_acc=0.7843 val_f1=0.7729 val_uar=0.7843 lr=5.13e-04
[21:01:22] INFO   ep53: train_loss=1.4759 val_acc=0.7824 val_f1=0.7718 val_uar=0.7824 lr=3.94e-04
[21:01:24] INFO   ep54: train_loss=1.4883 val_acc=0.7814 val_f1=0.7717 val_uar=0.7814 lr=2.91e-04
[21:01:27] INFO   ep55: train_loss=1.4934 val_acc=0.7824 val_f1=0.7725 val_uar=0.7824 lr=2.03e-04
[21:01:29] INFO   ep56: train_loss=1.4833 val_acc=0.7873 val_f1=0.7767 val_uar=0.7873 lr=1.30e-04
[21:01:32] INFO   ep57: train_loss=1.4922 val_acc=0.7833 val_f1=0.7722 val_uar=0.7833 lr=7.32e-05
[21:01:34] INFO   ep58: train_loss=1.4659 val_acc=0.7794 val_f1=0.7675 val_uar=0.7794 lr=3.26e-05
[21:01:37] INFO   ep59: train_loss=1.4748 val_acc=0.7863 val_f1=0.7761 val_uar=0.7863 lr=8.15e-06
[21:01:39] INFO   ep60: train_loss=1.4734 val_acc=0.7833 val_f1=0.7711 val_uar=0.7833 lr=0.00e+00
[21:01:39] INFO [done] resnet50_sgd best_val_acc=0.7873 lr_used=0.01 ckpt=checkpoints\flowers102_resnet50_sgd_seed4.pt time=3.0min
[21:01:41] INFO   [E1] eval clean + per colorfulness bin
[21:02:11] INFO   [E2] eval perturbasi warna
[21:07:27] INFO   done resnet50_sgd seed4
[21:07:27] INFO ALL DONE
