[21:15:55] INFO dataset=cub200 models=['resnet50'] seeds=[0, 1, 2, 3, 4] epochs=None recipe=sgd
[21:15:55] INFO ==== cub200 / resnet50_sgd / seed0 (recipe=sgd) ====
[21:15:57] INFO [train] cub200/resnet50_sgd/seed0 recipe=sgd opt=sgd lr=0.01 wd=0.0001 epochs=60 device=cuda n_train=5994 n_val=5794 bs=64 accum=1
[21:16:47] INFO   ep1: train_loss=5.2946 val_acc=0.0081 val_f1=0.0051 val_uar=0.0081 lr=4.00e-03
[21:16:58] INFO   ep2: train_loss=5.2666 val_acc=0.0338 val_f1=0.0282 val_uar=0.0334 lr=6.00e-03
[21:17:09] INFO   ep3: train_loss=5.2130 val_acc=0.0956 val_f1=0.0852 val_uar=0.0960 lr=8.00e-03
[21:17:20] INFO   ep4: train_loss=5.1202 val_acc=0.1757 val_f1=0.1541 val_uar=0.1790 lr=1.00e-02
[21:17:31] INFO   ep5: train_loss=4.9602 val_acc=0.2746 val_f1=0.2513 val_uar=0.2773 lr=1.00e-02
[21:17:42] INFO   ep6: train_loss=4.6935 val_acc=0.3177 val_f1=0.2884 val_uar=0.3220 lr=9.99e-03
[21:17:54] INFO   ep7: train_loss=4.2981 val_acc=0.3883 val_f1=0.3607 val_uar=0.3916 lr=9.97e-03
[21:18:05] INFO   ep8: train_loss=3.8095 val_acc=0.4320 val_f1=0.4086 val_uar=0.4343 lr=9.93e-03
[21:18:16] INFO   ep9: train_loss=3.3083 val_acc=0.4843 val_f1=0.4556 val_uar=0.4867 lr=9.87e-03
[21:18:28] INFO   ep10: train_loss=2.9081 val_acc=0.5463 val_f1=0.5304 val_uar=0.5499 lr=9.80e-03
[21:18:40] INFO   ep11: train_loss=2.6113 val_acc=0.5872 val_f1=0.5737 val_uar=0.5900 lr=9.71e-03
[21:18:52] INFO   ep12: train_loss=2.3969 val_acc=0.5998 val_f1=0.5856 val_uar=0.6031 lr=9.61e-03
[21:19:03] INFO   ep13: train_loss=2.2448 val_acc=0.6155 val_f1=0.6071 val_uar=0.6185 lr=9.49e-03
[21:19:14] INFO   ep14: train_loss=2.1054 val_acc=0.6358 val_f1=0.6285 val_uar=0.6378 lr=9.35e-03
[21:19:26] INFO   ep15: train_loss=2.0028 val_acc=0.6643 val_f1=0.6599 val_uar=0.6661 lr=9.21e-03
[21:19:37] INFO   ep16: train_loss=1.9210 val_acc=0.6731 val_f1=0.6689 val_uar=0.6754 lr=9.05e-03
[21:19:49] INFO   ep17: train_loss=1.8462 val_acc=0.6805 val_f1=0.6762 val_uar=0.6829 lr=8.87e-03
[21:20:00] INFO   ep18: train_loss=1.7879 val_acc=0.6724 val_f1=0.6707 val_uar=0.6749 lr=8.68e-03
[21:20:12] INFO   ep19: train_loss=1.7331 val_acc=0.7030 val_f1=0.7001 val_uar=0.7051 lr=8.48e-03
[21:20:23] INFO   ep20: train_loss=1.6891 val_acc=0.7204 val_f1=0.7170 val_uar=0.7223 lr=8.27e-03
[21:20:35] INFO   ep21: train_loss=1.6497 val_acc=0.7220 val_f1=0.7193 val_uar=0.7241 lr=8.05e-03
[21:20:46] INFO   ep22: train_loss=1.6127 val_acc=0.7245 val_f1=0.7213 val_uar=0.7263 lr=7.82e-03
[21:20:58] INFO   ep23: train_loss=1.5781 val_acc=0.7351 val_f1=0.7314 val_uar=0.7370 lr=7.58e-03
[21:21:09] INFO   ep24: train_loss=1.5491 val_acc=0.7356 val_f1=0.7331 val_uar=0.7372 lr=7.33e-03
[21:21:21] INFO   ep25: train_loss=1.5184 val_acc=0.7439 val_f1=0.7420 val_uar=0.7458 lr=7.08e-03
[21:21:32] INFO   ep26: train_loss=1.4883 val_acc=0.7465 val_f1=0.7456 val_uar=0.7486 lr=6.81e-03
[21:21:44] INFO   ep27: train_loss=1.4763 val_acc=0.7508 val_f1=0.7499 val_uar=0.7528 lr=6.55e-03
[21:21:56] INFO   ep28: train_loss=1.4634 val_acc=0.7556 val_f1=0.7543 val_uar=0.7575 lr=6.27e-03
[21:22:08] INFO   ep29: train_loss=1.4368 val_acc=0.7499 val_f1=0.7472 val_uar=0.7517 lr=5.99e-03
[21:22:19] INFO   ep30: train_loss=1.4157 val_acc=0.7516 val_f1=0.7495 val_uar=0.7529 lr=5.71e-03
[21:22:31] INFO   ep31: train_loss=1.4012 val_acc=0.7584 val_f1=0.7573 val_uar=0.7598 lr=5.43e-03
[21:22:43] INFO   ep32: train_loss=1.3865 val_acc=0.7585 val_f1=0.7575 val_uar=0.7605 lr=5.14e-03
[21:22:55] INFO   ep33: train_loss=1.3802 val_acc=0.7596 val_f1=0.7583 val_uar=0.7617 lr=4.86e-03
[21:23:07] INFO   ep34: train_loss=1.3657 val_acc=0.7630 val_f1=0.7617 val_uar=0.7642 lr=4.57e-03
[21:23:20] INFO   ep35: train_loss=1.3622 val_acc=0.7635 val_f1=0.7625 val_uar=0.7654 lr=4.29e-03
[21:23:32] INFO   ep36: train_loss=1.3501 val_acc=0.7653 val_f1=0.7634 val_uar=0.7668 lr=4.01e-03
[21:23:44] INFO   ep37: train_loss=1.3400 val_acc=0.7646 val_f1=0.7637 val_uar=0.7662 lr=3.73e-03
[21:23:56] INFO   ep38: train_loss=1.3339 val_acc=0.7663 val_f1=0.7650 val_uar=0.7675 lr=3.45e-03
[21:24:08] INFO   ep39: train_loss=1.3280 val_acc=0.7668 val_f1=0.7661 val_uar=0.7682 lr=3.19e-03
[21:24:20] INFO   ep40: train_loss=1.3100 val_acc=0.7686 val_f1=0.7680 val_uar=0.7702 lr=2.92e-03
[21:24:31] INFO   ep41: train_loss=1.3110 val_acc=0.7694 val_f1=0.7684 val_uar=0.7711 lr=2.67e-03
[21:24:43] INFO   ep42: train_loss=1.3080 val_acc=0.7680 val_f1=0.7675 val_uar=0.7697 lr=2.42e-03
[21:24:55] INFO   ep43: train_loss=1.3048 val_acc=0.7692 val_f1=0.7688 val_uar=0.7711 lr=2.18e-03
[21:25:06] INFO   ep44: train_loss=1.3004 val_acc=0.7727 val_f1=0.7725 val_uar=0.7745 lr=1.95e-03
[21:25:18] INFO   ep45: train_loss=1.2948 val_acc=0.7715 val_f1=0.7704 val_uar=0.7732 lr=1.73e-03
[21:25:29] INFO   ep46: train_loss=1.2902 val_acc=0.7687 val_f1=0.7676 val_uar=0.7704 lr=1.52e-03
[21:25:41] INFO   ep47: train_loss=1.2797 val_acc=0.7729 val_f1=0.7718 val_uar=0.7746 lr=1.32e-03
[21:25:52] INFO   ep48: train_loss=1.2817 val_acc=0.7732 val_f1=0.7725 val_uar=0.7746 lr=1.13e-03
[21:26:04] INFO   ep49: train_loss=1.2809 val_acc=0.7701 val_f1=0.7694 val_uar=0.7717 lr=9.55e-04
[21:26:16] INFO   ep50: train_loss=1.2762 val_acc=0.7734 val_f1=0.7722 val_uar=0.7749 lr=7.94e-04
[21:26:27] INFO   ep51: train_loss=1.2796 val_acc=0.7713 val_f1=0.7704 val_uar=0.7730 lr=6.46e-04
[21:26:39] INFO   ep52: train_loss=1.2793 val_acc=0.7686 val_f1=0.7673 val_uar=0.7703 lr=5.13e-04
[21:26:50] INFO   ep53: train_loss=1.2735 val_acc=0.7732 val_f1=0.7724 val_uar=0.7745 lr=3.94e-04
[21:27:01] INFO   ep54: train_loss=1.2736 val_acc=0.7732 val_f1=0.7719 val_uar=0.7747 lr=2.91e-04
[21:27:12] INFO   ep55: train_loss=1.2655 val_acc=0.7722 val_f1=0.7704 val_uar=0.7738 lr=2.03e-04
[21:27:24] INFO   ep56: train_loss=1.2721 val_acc=0.7715 val_f1=0.7703 val_uar=0.7730 lr=1.30e-04
[21:27:35] INFO   ep57: train_loss=1.2740 val_acc=0.7744 val_f1=0.7739 val_uar=0.7762 lr=7.32e-05
[21:27:46] INFO   ep58: train_loss=1.2732 val_acc=0.7724 val_f1=0.7720 val_uar=0.7739 lr=3.26e-05
[21:27:57] INFO   ep59: train_loss=1.2702 val_acc=0.7732 val_f1=0.7726 val_uar=0.7747 lr=8.15e-06
[21:28:09] INFO   ep60: train_loss=1.2703 val_acc=0.7730 val_f1=0.7721 val_uar=0.7744 lr=0.00e+00
[21:28:09] INFO [done] resnet50_sgd best_val_acc=0.7744 lr_used=0.01 ckpt=checkpoints\cub200_resnet50_sgd_seed0.pt time=12.2min
[21:28:10] INFO   [E1] eval clean + per colorfulness bin
[21:28:28] INFO   [E2] eval perturbasi warna
[21:33:25] INFO   done resnet50_sgd seed0
[21:33:25] INFO ==== cub200 / resnet50_sgd / seed1 (recipe=sgd) ====
[21:33:25] INFO [train] cub200/resnet50_sgd/seed1 recipe=sgd opt=sgd lr=0.01 wd=0.0001 epochs=60 device=cuda n_train=5994 n_val=5794 bs=64 accum=1
[21:34:02] INFO   ep1: train_loss=5.2943 val_acc=0.0102 val_f1=0.0072 val_uar=0.0102 lr=4.00e-03
[21:34:13] INFO   ep2: train_loss=5.2660 val_acc=0.0402 val_f1=0.0314 val_uar=0.0401 lr=6.00e-03
[21:34:24] INFO   ep3: train_loss=5.2103 val_acc=0.1096 val_f1=0.1002 val_uar=0.1099 lr=8.00e-03
[21:34:35] INFO   ep4: train_loss=5.1161 val_acc=0.1842 val_f1=0.1638 val_uar=0.1854 lr=1.00e-02
[21:34:47] INFO   ep5: train_loss=4.9543 val_acc=0.2957 val_f1=0.2628 val_uar=0.2958 lr=1.00e-02
[21:34:58] INFO   ep6: train_loss=4.6816 val_acc=0.3497 val_f1=0.3166 val_uar=0.3513 lr=9.99e-03
[21:35:09] INFO   ep7: train_loss=4.2743 val_acc=0.3621 val_f1=0.3293 val_uar=0.3630 lr=9.97e-03
[21:35:20] INFO   ep8: train_loss=3.7721 val_acc=0.4430 val_f1=0.4139 val_uar=0.4457 lr=9.93e-03
[21:35:32] INFO   ep9: train_loss=3.2876 val_acc=0.4845 val_f1=0.4580 val_uar=0.4877 lr=9.87e-03
[21:35:43] INFO   ep10: train_loss=2.8898 val_acc=0.5312 val_f1=0.5122 val_uar=0.5350 lr=9.80e-03
[21:35:54] INFO   ep11: train_loss=2.5933 val_acc=0.5538 val_f1=0.5395 val_uar=0.5569 lr=9.71e-03
[21:36:06] INFO   ep12: train_loss=2.3788 val_acc=0.6130 val_f1=0.6038 val_uar=0.6143 lr=9.61e-03
[21:36:18] INFO   ep13: train_loss=2.2197 val_acc=0.6177 val_f1=0.6073 val_uar=0.6205 lr=9.49e-03
[21:36:30] INFO   ep14: train_loss=2.0916 val_acc=0.6562 val_f1=0.6493 val_uar=0.6575 lr=9.35e-03
[21:36:41] INFO   ep15: train_loss=1.9957 val_acc=0.6569 val_f1=0.6484 val_uar=0.6592 lr=9.21e-03
[21:36:52] INFO   ep16: train_loss=1.9186 val_acc=0.6714 val_f1=0.6659 val_uar=0.6729 lr=9.05e-03
[21:37:04] INFO   ep17: train_loss=1.8418 val_acc=0.6914 val_f1=0.6884 val_uar=0.6936 lr=8.87e-03
[21:37:15] INFO   ep18: train_loss=1.7733 val_acc=0.7011 val_f1=0.6977 val_uar=0.7038 lr=8.68e-03
[21:37:26] INFO   ep19: train_loss=1.7272 val_acc=0.7190 val_f1=0.7171 val_uar=0.7204 lr=8.48e-03
[21:37:38] INFO   ep20: train_loss=1.6778 val_acc=0.7239 val_f1=0.7220 val_uar=0.7257 lr=8.27e-03
[21:37:49] INFO   ep21: train_loss=1.6436 val_acc=0.7249 val_f1=0.7232 val_uar=0.7271 lr=8.05e-03
[21:38:00] INFO   ep22: train_loss=1.6029 val_acc=0.7182 val_f1=0.7142 val_uar=0.7204 lr=7.82e-03
[21:38:12] INFO   ep23: train_loss=1.5668 val_acc=0.7316 val_f1=0.7288 val_uar=0.7337 lr=7.58e-03
[21:38:23] INFO   ep24: train_loss=1.5372 val_acc=0.7382 val_f1=0.7367 val_uar=0.7398 lr=7.33e-03
[21:38:34] INFO   ep25: train_loss=1.5203 val_acc=0.7456 val_f1=0.7436 val_uar=0.7476 lr=7.08e-03
[21:38:46] INFO   ep26: train_loss=1.4886 val_acc=0.7444 val_f1=0.7422 val_uar=0.7465 lr=6.81e-03
[21:38:58] INFO   ep27: train_loss=1.4677 val_acc=0.7506 val_f1=0.7495 val_uar=0.7526 lr=6.55e-03
[21:39:09] INFO   ep28: train_loss=1.4481 val_acc=0.7509 val_f1=0.7491 val_uar=0.7528 lr=6.27e-03
[21:39:21] INFO   ep29: train_loss=1.4339 val_acc=0.7535 val_f1=0.7528 val_uar=0.7556 lr=5.99e-03
[21:39:32] INFO   ep30: train_loss=1.4164 val_acc=0.7523 val_f1=0.7517 val_uar=0.7544 lr=5.71e-03
[21:39:43] INFO   ep31: train_loss=1.4068 val_acc=0.7620 val_f1=0.7611 val_uar=0.7640 lr=5.43e-03
[21:39:55] INFO   ep32: train_loss=1.3930 val_acc=0.7580 val_f1=0.7565 val_uar=0.7599 lr=5.14e-03
[21:40:06] INFO   ep33: train_loss=1.3745 val_acc=0.7606 val_f1=0.7590 val_uar=0.7627 lr=4.86e-03
[21:40:17] INFO   ep34: train_loss=1.3615 val_acc=0.7601 val_f1=0.7591 val_uar=0.7621 lr=4.57e-03
[21:40:29] INFO   ep35: train_loss=1.3553 val_acc=0.7642 val_f1=0.7625 val_uar=0.7661 lr=4.29e-03
[21:40:40] INFO   ep36: train_loss=1.3453 val_acc=0.7701 val_f1=0.7689 val_uar=0.7718 lr=4.01e-03
[21:40:51] INFO   ep37: train_loss=1.3339 val_acc=0.7699 val_f1=0.7677 val_uar=0.7714 lr=3.73e-03
[21:41:02] INFO   ep38: train_loss=1.3276 val_acc=0.7661 val_f1=0.7648 val_uar=0.7675 lr=3.45e-03
[21:41:14] INFO   ep39: train_loss=1.3178 val_acc=0.7651 val_f1=0.7636 val_uar=0.7667 lr=3.19e-03
[21:41:25] INFO   ep40: train_loss=1.3184 val_acc=0.7711 val_f1=0.7690 val_uar=0.7730 lr=2.92e-03
[21:41:36] INFO   ep41: train_loss=1.3100 val_acc=0.7705 val_f1=0.7697 val_uar=0.7722 lr=2.67e-03
[21:41:47] INFO   ep42: train_loss=1.3029 val_acc=0.7732 val_f1=0.7722 val_uar=0.7749 lr=2.42e-03
[21:41:59] INFO   ep43: train_loss=1.2995 val_acc=0.7722 val_f1=0.7714 val_uar=0.7737 lr=2.18e-03
[21:42:10] INFO   ep44: train_loss=1.2989 val_acc=0.7748 val_f1=0.7739 val_uar=0.7760 lr=1.95e-03
[21:42:21] INFO   ep45: train_loss=1.2907 val_acc=0.7713 val_f1=0.7706 val_uar=0.7729 lr=1.73e-03
[21:42:32] INFO   ep46: train_loss=1.2904 val_acc=0.7739 val_f1=0.7726 val_uar=0.7754 lr=1.52e-03
[21:42:44] INFO   ep47: train_loss=1.2822 val_acc=0.7748 val_f1=0.7737 val_uar=0.7765 lr=1.32e-03
[21:42:55] INFO   ep48: train_loss=1.2859 val_acc=0.7739 val_f1=0.7725 val_uar=0.7754 lr=1.13e-03
[21:43:06] INFO   ep49: train_loss=1.2786 val_acc=0.7718 val_f1=0.7709 val_uar=0.7733 lr=9.55e-04
[21:43:17] INFO   ep50: train_loss=1.2770 val_acc=0.7742 val_f1=0.7733 val_uar=0.7757 lr=7.94e-04
[21:43:29] INFO   ep51: train_loss=1.2743 val_acc=0.7744 val_f1=0.7730 val_uar=0.7758 lr=6.46e-04
[21:43:40] INFO   ep52: train_loss=1.2733 val_acc=0.7751 val_f1=0.7743 val_uar=0.7764 lr=5.13e-04
[21:43:51] INFO   ep53: train_loss=1.2734 val_acc=0.7701 val_f1=0.7689 val_uar=0.7715 lr=3.94e-04
[21:44:02] INFO   ep54: train_loss=1.2747 val_acc=0.7732 val_f1=0.7719 val_uar=0.7745 lr=2.91e-04
[21:44:14] INFO   ep55: train_loss=1.2668 val_acc=0.7767 val_f1=0.7752 val_uar=0.7782 lr=2.03e-04
[21:44:25] INFO   ep56: train_loss=1.2708 val_acc=0.7744 val_f1=0.7730 val_uar=0.7759 lr=1.30e-04
[21:44:36] INFO   ep57: train_loss=1.2741 val_acc=0.7725 val_f1=0.7712 val_uar=0.7739 lr=7.32e-05
[21:44:47] INFO   ep58: train_loss=1.2666 val_acc=0.7753 val_f1=0.7737 val_uar=0.7766 lr=3.26e-05
[21:44:59] INFO   ep59: train_loss=1.2689 val_acc=0.7765 val_f1=0.7757 val_uar=0.7780 lr=8.15e-06
[21:45:10] INFO   ep60: train_loss=1.2757 val_acc=0.7737 val_f1=0.7725 val_uar=0.7752 lr=0.00e+00
[21:45:10] INFO [done] resnet50_sgd best_val_acc=0.7767 lr_used=0.01 ckpt=checkpoints\cub200_resnet50_sgd_seed1.pt time=11.8min
[21:45:11] INFO   [E1] eval clean + per colorfulness bin
[21:45:29] INFO   [E2] eval perturbasi warna
[21:50:24] INFO   done resnet50_sgd seed1
[21:50:24] INFO ==== cub200 / resnet50_sgd / seed2 (recipe=sgd) ====
[21:50:24] INFO [train] cub200/resnet50_sgd/seed2 recipe=sgd opt=sgd lr=0.01 wd=0.0001 epochs=60 device=cuda n_train=5994 n_val=5794 bs=64 accum=1
[21:51:01] INFO   ep1: train_loss=5.2937 val_acc=0.0126 val_f1=0.0082 val_uar=0.0129 lr=4.00e-03
[21:51:12] INFO   ep2: train_loss=5.2647 val_acc=0.0463 val_f1=0.0386 val_uar=0.0468 lr=6.00e-03
[21:51:23] INFO   ep3: train_loss=5.2112 val_acc=0.0970 val_f1=0.0885 val_uar=0.0984 lr=8.00e-03
[21:51:34] INFO   ep4: train_loss=5.1187 val_acc=0.1876 val_f1=0.1697 val_uar=0.1898 lr=1.00e-02
[21:51:46] INFO   ep5: train_loss=4.9548 val_acc=0.2958 val_f1=0.2631 val_uar=0.2984 lr=1.00e-02
[21:51:57] INFO   ep6: train_loss=4.6803 val_acc=0.3417 val_f1=0.3052 val_uar=0.3438 lr=9.99e-03
[21:52:08] INFO   ep7: train_loss=4.2677 val_acc=0.3725 val_f1=0.3402 val_uar=0.3767 lr=9.97e-03
[21:52:19] INFO   ep8: train_loss=3.7520 val_acc=0.4358 val_f1=0.4067 val_uar=0.4382 lr=9.93e-03
[21:52:30] INFO   ep9: train_loss=3.2579 val_acc=0.4967 val_f1=0.4705 val_uar=0.4991 lr=9.87e-03
[21:52:42] INFO   ep10: train_loss=2.8720 val_acc=0.5354 val_f1=0.5151 val_uar=0.5384 lr=9.80e-03
[21:52:53] INFO   ep11: train_loss=2.5838 val_acc=0.5858 val_f1=0.5718 val_uar=0.5875 lr=9.71e-03
[21:53:04] INFO   ep12: train_loss=2.3708 val_acc=0.6124 val_f1=0.6009 val_uar=0.6148 lr=9.61e-03
[21:53:15] INFO   ep13: train_loss=2.2116 val_acc=0.6377 val_f1=0.6306 val_uar=0.6397 lr=9.49e-03
[21:53:27] INFO   ep14: train_loss=2.0928 val_acc=0.6265 val_f1=0.6207 val_uar=0.6292 lr=9.35e-03
[21:53:38] INFO   ep15: train_loss=1.9828 val_acc=0.6603 val_f1=0.6536 val_uar=0.6629 lr=9.21e-03
[21:53:49] INFO   ep16: train_loss=1.9076 val_acc=0.6679 val_f1=0.6624 val_uar=0.6698 lr=9.05e-03
[21:54:01] INFO   ep17: train_loss=1.8326 val_acc=0.6859 val_f1=0.6814 val_uar=0.6876 lr=8.87e-03
[21:54:12] INFO   ep18: train_loss=1.7744 val_acc=0.6990 val_f1=0.6948 val_uar=0.7005 lr=8.68e-03
[21:54:23] INFO   ep19: train_loss=1.7200 val_acc=0.6985 val_f1=0.6948 val_uar=0.7010 lr=8.48e-03
[21:54:35] INFO   ep20: train_loss=1.6743 val_acc=0.7173 val_f1=0.7150 val_uar=0.7190 lr=8.27e-03
[21:54:46] INFO   ep21: train_loss=1.6309 val_acc=0.7138 val_f1=0.7110 val_uar=0.7159 lr=8.05e-03
[21:54:57] INFO   ep22: train_loss=1.5959 val_acc=0.7261 val_f1=0.7246 val_uar=0.7287 lr=7.82e-03
[21:55:08] INFO   ep23: train_loss=1.5683 val_acc=0.7220 val_f1=0.7194 val_uar=0.7244 lr=7.58e-03
[21:55:20] INFO   ep24: train_loss=1.5381 val_acc=0.7335 val_f1=0.7332 val_uar=0.7359 lr=7.33e-03
[21:55:31] INFO   ep25: train_loss=1.5109 val_acc=0.7389 val_f1=0.7378 val_uar=0.7411 lr=7.08e-03
[21:55:43] INFO   ep26: train_loss=1.4917 val_acc=0.7408 val_f1=0.7386 val_uar=0.7426 lr=6.81e-03
[21:55:54] INFO   ep27: train_loss=1.4701 val_acc=0.7472 val_f1=0.7463 val_uar=0.7492 lr=6.55e-03
[21:56:05] INFO   ep28: train_loss=1.4493 val_acc=0.7515 val_f1=0.7513 val_uar=0.7535 lr=6.27e-03
[21:56:16] INFO   ep29: train_loss=1.4367 val_acc=0.7497 val_f1=0.7488 val_uar=0.7520 lr=5.99e-03
[21:56:28] INFO   ep30: train_loss=1.4189 val_acc=0.7515 val_f1=0.7500 val_uar=0.7537 lr=5.71e-03
[21:56:39] INFO   ep31: train_loss=1.4004 val_acc=0.7582 val_f1=0.7566 val_uar=0.7601 lr=5.43e-03
[21:56:50] INFO   ep32: train_loss=1.3867 val_acc=0.7587 val_f1=0.7573 val_uar=0.7606 lr=5.14e-03
[21:57:02] INFO   ep33: train_loss=1.3821 val_acc=0.7616 val_f1=0.7607 val_uar=0.7635 lr=4.86e-03
[21:57:13] INFO   ep34: train_loss=1.3626 val_acc=0.7596 val_f1=0.7583 val_uar=0.7613 lr=4.57e-03
[21:57:24] INFO   ep35: train_loss=1.3569 val_acc=0.7639 val_f1=0.7628 val_uar=0.7656 lr=4.29e-03
[21:57:35] INFO   ep36: train_loss=1.3427 val_acc=0.7648 val_f1=0.7633 val_uar=0.7667 lr=4.01e-03
[21:57:47] INFO   ep37: train_loss=1.3337 val_acc=0.7654 val_f1=0.7648 val_uar=0.7672 lr=3.73e-03
[21:57:58] INFO   ep38: train_loss=1.3309 val_acc=0.7651 val_f1=0.7643 val_uar=0.7666 lr=3.45e-03
[21:58:09] INFO   ep39: train_loss=1.3219 val_acc=0.7684 val_f1=0.7673 val_uar=0.7700 lr=3.19e-03
[21:58:21] INFO   ep40: train_loss=1.3141 val_acc=0.7680 val_f1=0.7671 val_uar=0.7697 lr=2.92e-03
[21:58:32] INFO   ep41: train_loss=1.3040 val_acc=0.7686 val_f1=0.7674 val_uar=0.7704 lr=2.67e-03
[21:58:43] INFO   ep42: train_loss=1.3075 val_acc=0.7706 val_f1=0.7696 val_uar=0.7724 lr=2.42e-03
[21:58:55] INFO   ep43: train_loss=1.2992 val_acc=0.7715 val_f1=0.7710 val_uar=0.7733 lr=2.18e-03
[21:59:06] INFO   ep44: train_loss=1.2909 val_acc=0.7677 val_f1=0.7666 val_uar=0.7694 lr=1.95e-03
[21:59:17] INFO   ep45: train_loss=1.2901 val_acc=0.7715 val_f1=0.7702 val_uar=0.7733 lr=1.73e-03
[21:59:28] INFO   ep46: train_loss=1.2878 val_acc=0.7739 val_f1=0.7732 val_uar=0.7755 lr=1.52e-03
[21:59:40] INFO   ep47: train_loss=1.2798 val_acc=0.7722 val_f1=0.7710 val_uar=0.7742 lr=1.32e-03
[21:59:51] INFO   ep48: train_loss=1.2854 val_acc=0.7734 val_f1=0.7721 val_uar=0.7748 lr=1.13e-03
[22:00:02] INFO   ep49: train_loss=1.2774 val_acc=0.7732 val_f1=0.7721 val_uar=0.7749 lr=9.55e-04
[22:00:14] INFO   ep50: train_loss=1.2725 val_acc=0.7730 val_f1=0.7721 val_uar=0.7747 lr=7.94e-04
[22:00:25] INFO   ep51: train_loss=1.2765 val_acc=0.7760 val_f1=0.7747 val_uar=0.7775 lr=6.46e-04
[22:00:36] INFO   ep52: train_loss=1.2693 val_acc=0.7749 val_f1=0.7742 val_uar=0.7766 lr=5.13e-04
[22:00:48] INFO   ep53: train_loss=1.2684 val_acc=0.7746 val_f1=0.7737 val_uar=0.7763 lr=3.94e-04
[22:00:59] INFO   ep54: train_loss=1.2701 val_acc=0.7765 val_f1=0.7756 val_uar=0.7781 lr=2.91e-04
[22:01:10] INFO   ep55: train_loss=1.2726 val_acc=0.7749 val_f1=0.7742 val_uar=0.7765 lr=2.03e-04
[22:01:22] INFO   ep56: train_loss=1.2718 val_acc=0.7732 val_f1=0.7729 val_uar=0.7750 lr=1.30e-04
[22:01:33] INFO   ep57: train_loss=1.2693 val_acc=0.7746 val_f1=0.7734 val_uar=0.7761 lr=7.32e-05
[22:01:46] INFO   ep58: train_loss=1.2699 val_acc=0.7753 val_f1=0.7743 val_uar=0.7769 lr=3.26e-05
[22:01:58] INFO   ep59: train_loss=1.2729 val_acc=0.7761 val_f1=0.7747 val_uar=0.7776 lr=8.15e-06
[22:02:10] INFO   ep60: train_loss=1.2677 val_acc=0.7730 val_f1=0.7718 val_uar=0.7746 lr=0.00e+00
[22:02:10] INFO [done] resnet50_sgd best_val_acc=0.7765 lr_used=0.01 ckpt=checkpoints\cub200_resnet50_sgd_seed2.pt time=11.8min
[22:02:11] INFO   [E1] eval clean + per colorfulness bin
[22:02:30] INFO   [E2] eval perturbasi warna
[22:07:26] INFO   done resnet50_sgd seed2
[22:07:26] INFO ==== cub200 / resnet50_sgd / seed3 (recipe=sgd) ====
[22:07:27] INFO [train] cub200/resnet50_sgd/seed3 recipe=sgd opt=sgd lr=0.01 wd=0.0001 epochs=60 device=cuda n_train=5994 n_val=5794 bs=64 accum=1
[22:08:04] INFO   ep1: train_loss=5.2949 val_acc=0.0121 val_f1=0.0061 val_uar=0.0120 lr=4.00e-03
[22:08:15] INFO   ep2: train_loss=5.2655 val_acc=0.0435 val_f1=0.0396 val_uar=0.0430 lr=6.00e-03
[22:08:26] INFO   ep3: train_loss=5.2112 val_acc=0.1177 val_f1=0.1112 val_uar=0.1176 lr=8.00e-03
[22:08:37] INFO   ep4: train_loss=5.1198 val_acc=0.2254 val_f1=0.2049 val_uar=0.2272 lr=1.00e-02
[22:08:49] INFO   ep5: train_loss=4.9526 val_acc=0.3074 val_f1=0.2764 val_uar=0.3075 lr=1.00e-02
[22:09:00] INFO   ep6: train_loss=4.6720 val_acc=0.3673 val_f1=0.3320 val_uar=0.3683 lr=9.99e-03
[22:09:11] INFO   ep7: train_loss=4.2411 val_acc=0.4040 val_f1=0.3663 val_uar=0.4068 lr=9.97e-03
[22:09:22] INFO   ep8: train_loss=3.7113 val_acc=0.4399 val_f1=0.4047 val_uar=0.4427 lr=9.93e-03
[22:09:34] INFO   ep9: train_loss=3.2198 val_acc=0.4967 val_f1=0.4751 val_uar=0.4981 lr=9.87e-03
[22:09:45] INFO   ep10: train_loss=2.8358 val_acc=0.5480 val_f1=0.5324 val_uar=0.5504 lr=9.80e-03
[22:09:56] INFO   ep11: train_loss=2.5549 val_acc=0.5816 val_f1=0.5696 val_uar=0.5842 lr=9.71e-03
[22:10:07] INFO   ep12: train_loss=2.3434 val_acc=0.5846 val_f1=0.5757 val_uar=0.5876 lr=9.61e-03
[22:10:19] INFO   ep13: train_loss=2.1888 val_acc=0.6251 val_f1=0.6158 val_uar=0.6267 lr=9.49e-03
[22:10:30] INFO   ep14: train_loss=2.0648 val_acc=0.6550 val_f1=0.6504 val_uar=0.6575 lr=9.35e-03
[22:10:41] INFO   ep15: train_loss=1.9789 val_acc=0.6802 val_f1=0.6756 val_uar=0.6825 lr=9.21e-03
[22:10:53] INFO   ep16: train_loss=1.8936 val_acc=0.6726 val_f1=0.6689 val_uar=0.6751 lr=9.05e-03
[22:11:04] INFO   ep17: train_loss=1.8197 val_acc=0.6990 val_f1=0.6960 val_uar=0.7009 lr=8.87e-03
[22:11:16] INFO   ep18: train_loss=1.7546 val_acc=0.6912 val_f1=0.6871 val_uar=0.6936 lr=8.68e-03
[22:11:27] INFO   ep19: train_loss=1.7113 val_acc=0.7052 val_f1=0.7039 val_uar=0.7079 lr=8.48e-03
[22:11:38] INFO   ep20: train_loss=1.6675 val_acc=0.7180 val_f1=0.7141 val_uar=0.7205 lr=8.27e-03
[22:11:50] INFO   ep21: train_loss=1.6205 val_acc=0.7311 val_f1=0.7290 val_uar=0.7335 lr=8.05e-03
[22:12:01] INFO   ep22: train_loss=1.5945 val_acc=0.7256 val_f1=0.7233 val_uar=0.7285 lr=7.82e-03
[22:12:13] INFO   ep23: train_loss=1.5549 val_acc=0.7335 val_f1=0.7312 val_uar=0.7352 lr=7.58e-03
[22:12:24] INFO   ep24: train_loss=1.5269 val_acc=0.7301 val_f1=0.7275 val_uar=0.7323 lr=7.33e-03
[22:12:35] INFO   ep25: train_loss=1.5141 val_acc=0.7446 val_f1=0.7431 val_uar=0.7468 lr=7.08e-03
[22:12:47] INFO   ep26: train_loss=1.4874 val_acc=0.7444 val_f1=0.7432 val_uar=0.7465 lr=6.81e-03
[22:12:58] INFO   ep27: train_loss=1.4612 val_acc=0.7456 val_f1=0.7436 val_uar=0.7472 lr=6.55e-03
[22:13:09] INFO   ep28: train_loss=1.4450 val_acc=0.7480 val_f1=0.7458 val_uar=0.7509 lr=6.27e-03
[22:13:21] INFO   ep29: train_loss=1.4257 val_acc=0.7532 val_f1=0.7518 val_uar=0.7556 lr=5.99e-03
[22:13:32] INFO   ep30: train_loss=1.4103 val_acc=0.7589 val_f1=0.7577 val_uar=0.7610 lr=5.71e-03
[22:13:44] INFO   ep31: train_loss=1.3940 val_acc=0.7599 val_f1=0.7585 val_uar=0.7620 lr=5.43e-03
[22:13:55] INFO   ep32: train_loss=1.3822 val_acc=0.7599 val_f1=0.7589 val_uar=0.7623 lr=5.14e-03
[22:14:06] INFO   ep33: train_loss=1.3618 val_acc=0.7637 val_f1=0.7628 val_uar=0.7660 lr=4.86e-03
[22:14:18] INFO   ep34: train_loss=1.3572 val_acc=0.7579 val_f1=0.7568 val_uar=0.7599 lr=4.57e-03
[22:14:29] INFO   ep35: train_loss=1.3469 val_acc=0.7658 val_f1=0.7651 val_uar=0.7676 lr=4.29e-03
[22:14:40] INFO   ep36: train_loss=1.3463 val_acc=0.7625 val_f1=0.7619 val_uar=0.7645 lr=4.01e-03
[22:14:52] INFO   ep37: train_loss=1.3297 val_acc=0.7684 val_f1=0.7669 val_uar=0.7705 lr=3.73e-03
[22:15:03] INFO   ep38: train_loss=1.3299 val_acc=0.7672 val_f1=0.7663 val_uar=0.7696 lr=3.45e-03
[22:15:14] INFO   ep39: train_loss=1.3193 val_acc=0.7703 val_f1=0.7688 val_uar=0.7725 lr=3.19e-03
[22:15:26] INFO   ep40: train_loss=1.3116 val_acc=0.7687 val_f1=0.7683 val_uar=0.7706 lr=2.92e-03
[22:15:37] INFO   ep41: train_loss=1.3020 val_acc=0.7708 val_f1=0.7701 val_uar=0.7731 lr=2.67e-03
[22:15:48] INFO   ep42: train_loss=1.2972 val_acc=0.7708 val_f1=0.7700 val_uar=0.7730 lr=2.42e-03
[22:16:00] INFO   ep43: train_loss=1.2949 val_acc=0.7724 val_f1=0.7720 val_uar=0.7743 lr=2.18e-03
[22:16:11] INFO   ep44: train_loss=1.2918 val_acc=0.7710 val_f1=0.7713 val_uar=0.7731 lr=1.95e-03
[22:16:23] INFO   ep45: train_loss=1.2913 val_acc=0.7753 val_f1=0.7748 val_uar=0.7773 lr=1.73e-03
[22:16:34] INFO   ep46: train_loss=1.2831 val_acc=0.7737 val_f1=0.7730 val_uar=0.7757 lr=1.52e-03
[22:16:45] INFO   ep47: train_loss=1.2819 val_acc=0.7739 val_f1=0.7731 val_uar=0.7762 lr=1.32e-03
[22:16:57] INFO   ep48: train_loss=1.2781 val_acc=0.7760 val_f1=0.7751 val_uar=0.7781 lr=1.13e-03
[22:17:08] INFO   ep49: train_loss=1.2769 val_acc=0.7744 val_f1=0.7742 val_uar=0.7764 lr=9.55e-04
[22:17:20] INFO   ep50: train_loss=1.2742 val_acc=0.7758 val_f1=0.7752 val_uar=0.7777 lr=7.94e-04
[22:17:31] INFO   ep51: train_loss=1.2690 val_acc=0.7751 val_f1=0.7739 val_uar=0.7770 lr=6.46e-04
[22:17:42] INFO   ep52: train_loss=1.2643 val_acc=0.7786 val_f1=0.7780 val_uar=0.7807 lr=5.13e-04
[22:17:54] INFO   ep53: train_loss=1.2693 val_acc=0.7784 val_f1=0.7778 val_uar=0.7803 lr=3.94e-04
[22:18:06] INFO   ep54: train_loss=1.2638 val_acc=0.7779 val_f1=0.7770 val_uar=0.7798 lr=2.91e-04
[22:18:17] INFO   ep55: train_loss=1.2629 val_acc=0.7780 val_f1=0.7770 val_uar=0.7799 lr=2.03e-04
[22:18:28] INFO   ep56: train_loss=1.2652 val_acc=0.7775 val_f1=0.7765 val_uar=0.7795 lr=1.30e-04
[22:18:40] INFO   ep57: train_loss=1.2630 val_acc=0.7793 val_f1=0.7781 val_uar=0.7812 lr=7.32e-05
[22:18:51] INFO   ep58: train_loss=1.2664 val_acc=0.7779 val_f1=0.7770 val_uar=0.7799 lr=3.26e-05
[22:19:02] INFO   ep59: train_loss=1.2639 val_acc=0.7748 val_f1=0.7744 val_uar=0.7768 lr=8.15e-06
[22:19:14] INFO   ep60: train_loss=1.2684 val_acc=0.7760 val_f1=0.7757 val_uar=0.7779 lr=0.00e+00
[22:19:14] INFO [done] resnet50_sgd best_val_acc=0.7793 lr_used=0.01 ckpt=checkpoints\cub200_resnet50_sgd_seed3.pt time=11.8min
[22:19:16] INFO   [E1] eval clean + per colorfulness bin
[22:19:34] INFO   [E2] eval perturbasi warna
[22:24:42] INFO   done resnet50_sgd seed3
[22:24:42] INFO ==== cub200 / resnet50_sgd / seed4 (recipe=sgd) ====
[22:24:42] INFO [train] cub200/resnet50_sgd/seed4 recipe=sgd opt=sgd lr=0.01 wd=0.0001 epochs=60 device=cuda n_train=5994 n_val=5794 bs=64 accum=1
[22:25:21] INFO   ep1: train_loss=5.2971 val_acc=0.0104 val_f1=0.0070 val_uar=0.0102 lr=4.00e-03
[22:25:33] INFO   ep2: train_loss=5.2683 val_acc=0.0409 val_f1=0.0328 val_uar=0.0404 lr=6.00e-03
[22:25:44] INFO   ep3: train_loss=5.2144 val_acc=0.0996 val_f1=0.0850 val_uar=0.1002 lr=8.00e-03
[22:25:56] INFO   ep4: train_loss=5.1233 val_acc=0.1838 val_f1=0.1624 val_uar=0.1845 lr=1.00e-02
[22:26:08] INFO   ep5: train_loss=4.9597 val_acc=0.2837 val_f1=0.2525 val_uar=0.2850 lr=1.00e-02
[22:26:19] INFO   ep6: train_loss=4.6862 val_acc=0.3443 val_f1=0.3099 val_uar=0.3466 lr=9.99e-03
[22:26:30] INFO   ep7: train_loss=4.2747 val_acc=0.3880 val_f1=0.3530 val_uar=0.3899 lr=9.97e-03
[22:26:42] INFO   ep8: train_loss=3.7633 val_acc=0.4472 val_f1=0.4097 val_uar=0.4507 lr=9.93e-03
[22:26:53] INFO   ep9: train_loss=3.2767 val_acc=0.4905 val_f1=0.4660 val_uar=0.4929 lr=9.87e-03
[22:27:04] INFO   ep10: train_loss=2.8766 val_acc=0.5283 val_f1=0.5095 val_uar=0.5310 lr=9.80e-03
[22:27:16] INFO   ep11: train_loss=2.5872 val_acc=0.5749 val_f1=0.5577 val_uar=0.5771 lr=9.71e-03
[22:27:27] INFO   ep12: train_loss=2.3876 val_acc=0.6167 val_f1=0.6072 val_uar=0.6188 lr=9.61e-03
[22:27:38] INFO   ep13: train_loss=2.2096 val_acc=0.6312 val_f1=0.6210 val_uar=0.6339 lr=9.49e-03
[22:27:50] INFO   ep14: train_loss=2.0870 val_acc=0.6282 val_f1=0.6204 val_uar=0.6307 lr=9.35e-03
[22:28:01] INFO   ep15: train_loss=2.0017 val_acc=0.6672 val_f1=0.6622 val_uar=0.6686 lr=9.21e-03
[22:28:13] INFO   ep16: train_loss=1.9151 val_acc=0.6769 val_f1=0.6707 val_uar=0.6789 lr=9.05e-03
[22:28:24] INFO   ep17: train_loss=1.8328 val_acc=0.6930 val_f1=0.6900 val_uar=0.6956 lr=8.87e-03
[22:28:37] INFO   ep18: train_loss=1.7800 val_acc=0.7083 val_f1=0.7037 val_uar=0.7103 lr=8.68e-03
[22:28:49] INFO   ep19: train_loss=1.7262 val_acc=0.7066 val_f1=0.7028 val_uar=0.7091 lr=8.48e-03
[22:29:01] INFO   ep20: train_loss=1.6718 val_acc=0.7004 val_f1=0.6971 val_uar=0.7027 lr=8.27e-03
[22:29:13] INFO   ep21: train_loss=1.6421 val_acc=0.7337 val_f1=0.7305 val_uar=0.7357 lr=8.05e-03
[22:29:25] INFO   ep22: train_loss=1.5977 val_acc=0.7149 val_f1=0.7108 val_uar=0.7172 lr=7.82e-03
[22:29:36] INFO   ep23: train_loss=1.5715 val_acc=0.7314 val_f1=0.7302 val_uar=0.7338 lr=7.58e-03
[22:29:48] INFO   ep24: train_loss=1.5365 val_acc=0.7440 val_f1=0.7419 val_uar=0.7463 lr=7.33e-03
[22:29:59] INFO   ep25: train_loss=1.5120 val_acc=0.7418 val_f1=0.7402 val_uar=0.7433 lr=7.08e-03
[22:30:11] INFO   ep26: train_loss=1.4976 val_acc=0.7485 val_f1=0.7464 val_uar=0.7508 lr=6.81e-03
[22:30:23] INFO   ep27: train_loss=1.4648 val_acc=0.7532 val_f1=0.7508 val_uar=0.7554 lr=6.55e-03
[22:30:35] INFO   ep28: train_loss=1.4523 val_acc=0.7561 val_f1=0.7550 val_uar=0.7576 lr=6.27e-03
[22:30:46] INFO   ep29: train_loss=1.4347 val_acc=0.7570 val_f1=0.7542 val_uar=0.7588 lr=5.99e-03
[22:30:58] INFO   ep30: train_loss=1.4165 val_acc=0.7560 val_f1=0.7549 val_uar=0.7580 lr=5.71e-03
[22:31:10] INFO   ep31: train_loss=1.4018 val_acc=0.7616 val_f1=0.7601 val_uar=0.7633 lr=5.43e-03
[22:31:22] INFO   ep32: train_loss=1.3890 val_acc=0.7603 val_f1=0.7588 val_uar=0.7620 lr=5.14e-03
[22:31:33] INFO   ep33: train_loss=1.3709 val_acc=0.7639 val_f1=0.7630 val_uar=0.7660 lr=4.86e-03
[22:31:45] INFO   ep34: train_loss=1.3652 val_acc=0.7692 val_f1=0.7675 val_uar=0.7710 lr=4.57e-03
[22:31:57] INFO   ep35: train_loss=1.3538 val_acc=0.7680 val_f1=0.7665 val_uar=0.7696 lr=4.29e-03
[22:32:10] INFO   ep36: train_loss=1.3465 val_acc=0.7656 val_f1=0.7642 val_uar=0.7675 lr=4.01e-03
[22:32:21] INFO   ep37: train_loss=1.3383 val_acc=0.7680 val_f1=0.7669 val_uar=0.7699 lr=3.73e-03
[22:32:33] INFO   ep38: train_loss=1.3293 val_acc=0.7701 val_f1=0.7697 val_uar=0.7720 lr=3.45e-03
[22:32:44] INFO   ep39: train_loss=1.3241 val_acc=0.7756 val_f1=0.7746 val_uar=0.7770 lr=3.19e-03
[22:32:56] INFO   ep40: train_loss=1.3167 val_acc=0.7746 val_f1=0.7736 val_uar=0.7762 lr=2.92e-03
[22:33:08] INFO   ep41: train_loss=1.3098 val_acc=0.7734 val_f1=0.7728 val_uar=0.7754 lr=2.67e-03
[22:33:20] INFO   ep42: train_loss=1.3001 val_acc=0.7744 val_f1=0.7734 val_uar=0.7758 lr=2.42e-03
[22:33:32] INFO   ep43: train_loss=1.3014 val_acc=0.7746 val_f1=0.7734 val_uar=0.7763 lr=2.18e-03
[22:33:44] INFO   ep44: train_loss=1.2909 val_acc=0.7761 val_f1=0.7749 val_uar=0.7779 lr=1.95e-03
[22:33:55] INFO   ep45: train_loss=1.2845 val_acc=0.7722 val_f1=0.7707 val_uar=0.7738 lr=1.73e-03
[22:34:07] INFO   ep46: train_loss=1.2859 val_acc=0.7763 val_f1=0.7750 val_uar=0.7780 lr=1.52e-03
[22:34:19] INFO   ep47: train_loss=1.2780 val_acc=0.7763 val_f1=0.7751 val_uar=0.7779 lr=1.32e-03
[22:34:30] INFO   ep48: train_loss=1.2781 val_acc=0.7748 val_f1=0.7741 val_uar=0.7763 lr=1.13e-03
[22:34:42] INFO   ep49: train_loss=1.2825 val_acc=0.7741 val_f1=0.7725 val_uar=0.7755 lr=9.55e-04
[22:34:54] INFO   ep50: train_loss=1.2722 val_acc=0.7775 val_f1=0.7766 val_uar=0.7793 lr=7.94e-04
[22:35:06] INFO   ep51: train_loss=1.2720 val_acc=0.7753 val_f1=0.7743 val_uar=0.7770 lr=6.46e-04
[22:35:18] INFO   ep52: train_loss=1.2746 val_acc=0.7770 val_f1=0.7761 val_uar=0.7786 lr=5.13e-04
[22:35:29] INFO   ep53: train_loss=1.2754 val_acc=0.7780 val_f1=0.7772 val_uar=0.7798 lr=3.94e-04
[22:35:41] INFO   ep54: train_loss=1.2704 val_acc=0.7756 val_f1=0.7743 val_uar=0.7773 lr=2.91e-04
[22:35:53] INFO   ep55: train_loss=1.2699 val_acc=0.7761 val_f1=0.7750 val_uar=0.7778 lr=2.03e-04
[22:36:05] INFO   ep56: train_loss=1.2701 val_acc=0.7761 val_f1=0.7753 val_uar=0.7779 lr=1.30e-04
[22:36:16] INFO   ep57: train_loss=1.2679 val_acc=0.7730 val_f1=0.7718 val_uar=0.7749 lr=7.32e-05
[22:36:28] INFO   ep58: train_loss=1.2676 val_acc=0.7739 val_f1=0.7729 val_uar=0.7756 lr=3.26e-05
[22:36:40] INFO   ep59: train_loss=1.2650 val_acc=0.7806 val_f1=0.7794 val_uar=0.7820 lr=8.15e-06
[22:36:52] INFO   ep60: train_loss=1.2639 val_acc=0.7777 val_f1=0.7764 val_uar=0.7794 lr=0.00e+00
[22:36:52] INFO [done] resnet50_sgd best_val_acc=0.7806 lr_used=0.01 ckpt=checkpoints\cub200_resnet50_sgd_seed4.pt time=12.2min
[22:36:54] INFO   [E1] eval clean + per colorfulness bin
[22:37:13] INFO   [E2] eval perturbasi warna
[22:42:25] INFO   done resnet50_sgd seed4
[22:42:25] INFO ALL DONE
